<?xml version="1.0" encoding="utf-8"?>
<test-run id="2" testcasecount="5" result="Failed(Child)" total="5" passed="3" failed="2" inconclusive="0" skipped="0" asserts="0" engine-version="3.5.0.0" clr-version="4.0.30319.42000" start-time="2025-08-09 17:15:28Z" end-time="2025-08-09 17:15:28Z" duration="0.0210458">
  <test-suite type="TestSuite" id="1030" name="tcg_remake_practice" fullname="tcg_remake_practice" runstate="Runnable" testcasecount="5" result="Failed" site="Child" start-time="2025-08-09 17:15:28Z" end-time="2025-08-09 17:15:28Z" duration="0.021046" total="5" passed="3" failed="2" inconclusive="0" skipped="0" asserts="0">
    <properties>
      <property name="platform" value="EditMode" />
    </properties>
    <failure>
      <message><![CDATA[One or more child tests had errors]]></message>
    </failure>
    <test-suite type="Assembly" id="1025" name="TinyChaoGarden.EditModeTests.dll" fullname="/Users/nposton/tcg_remake_practice/Library/ScriptAssemblies/TinyChaoGarden.EditModeTests.dll" runstate="Runnable" testcasecount="5" result="Failed" site="Child" start-time="2025-08-09 17:15:28Z" end-time="2025-08-09 17:15:28Z" duration="0.015420" total="5" passed="3" failed="2" inconclusive="0" skipped="0" asserts="0">
      <properties>
        <property name="_PID" value="67555" />
        <property name="_APPDOMAIN" value="Unity Child Domain" />
        <property name="platform" value="EditMode" />
        <property name="EditorOnly" value="True" />
      </properties>
      <failure>
        <message><![CDATA[One or more child tests had errors]]></message>
      </failure>
      <test-suite type="TestFixture" id="1018" name="BaselineTests" fullname="BaselineTests" classname="BaselineTests" runstate="Runnable" testcasecount="3" result="Failed" site="Child" start-time="2025-08-09 17:15:28Z" end-time="2025-08-09 17:15:28Z" duration="0.009784" total="3" passed="2" failed="1" inconclusive="0" skipped="0" asserts="0">
        <properties />
        <failure>
          <message><![CDATA[One or more child tests had errors]]></message>
        </failure>
        <test-case id="1019" name="ChaoStats_DefaultInitialization_SetsCorrectValues" fullname="BaselineTests.ChaoStats_DefaultInitialization_SetsCorrectValues" methodname="ChaoStats_DefaultInitialization_SetsCorrectValues" classname="BaselineTests" runstate="Runnable" seed="781581970" result="Passed" start-time="2025-08-09 17:15:28Z" end-time="2025-08-09 17:15:28Z" duration="0.002102" asserts="0">
          <properties>
            <property name="retryIteration" value="0" />
            <property name="repeatIteration" value="0" />
          </properties>
          <output><![CDATA[[TEST] Starting ChaoStats_DefaultInitialization_SetsCorrectValues test
[TEST] ChaoStats_DefaultInitialization_SetsCorrectValues test PASSED
]]></output>
        </test-case>
        <test-case id="1020" name="ChaoStats_StatBoundaries_EnforcesLimits" fullname="BaselineTests.ChaoStats_StatBoundaries_EnforcesLimits" methodname="ChaoStats_StatBoundaries_EnforcesLimits" classname="BaselineTests" runstate="Runnable" seed="1040288049" result="Failed" start-time="2025-08-09 17:15:28Z" end-time="2025-08-09 17:15:28Z" duration="0.003774" asserts="0">
          <properties>
            <property name="retryIteration" value="0" />
            <property name="repeatIteration" value="0" />
          </properties>
          <failure>
            <message><![CDATA[  Swim stat should be between 0-99
  Expected: True
  But was:  False
]]></message>
            <stack-trace><![CDATA[at BaselineTests.ChaoStats_StatBoundaries_EnforcesLimits () [0x00030] in /Users/nposton/tcg_remake_practice/Assets/Tests/EditMode/BaselineTests.cs:47
]]></stack-trace>
          </failure>
          <output><![CDATA[[TEST] Starting ChaoStats_StatBoundaries_EnforcesLimits test
]]></output>
        </test-case>
        <test-case id="1021" name="SaveSystem_SaveAndLoad_PreservesChaoData" fullname="BaselineTests.SaveSystem_SaveAndLoad_PreservesChaoData" methodname="SaveSystem_SaveAndLoad_PreservesChaoData" classname="BaselineTests" runstate="Runnable" seed="856901714" result="Passed" start-time="2025-08-09 17:15:28Z" end-time="2025-08-09 17:15:28Z" duration="0.001761" asserts="0">
          <properties>
            <property name="retryIteration" value="0" />
            <property name="repeatIteration" value="0" />
          </properties>
          <output><![CDATA[[TEST] Starting SaveSystem_SaveAndLoad_PreservesChaoData test
[TEST] SaveSystem_SaveAndLoad_PreservesChaoData test PASSED
]]></output>
        </test-case>
      </test-suite>
      <test-suite type="TestFixture" id="1022" name="MinimalTest" fullname="MinimalTest" classname="MinimalTest" runstate="Runnable" testcasecount="2" result="Failed" site="Child" start-time="2025-08-09 17:15:28Z" end-time="2025-08-09 17:15:28Z" duration="0.004787" total="2" passed="1" failed="1" inconclusive="0" skipped="0" asserts="0">
        <properties />
        <failure>
          <message><![CDATA[One or more child tests had errors]]></message>
        </failure>
        <test-case id="1024" name="SimpleTest_ShouldFail" fullname="MinimalTest.SimpleTest_ShouldFail" methodname="SimpleTest_ShouldFail" classname="MinimalTest" runstate="Runnable" seed="497024279" result="Failed" start-time="2025-08-09 17:15:28Z" end-time="2025-08-09 17:15:28Z" duration="0.002655" asserts="0">
          <properties>
            <property name="retryIteration" value="0" />
            <property name="repeatIteration" value="0" />
          </properties>
          <failure>
            <message><![CDATA[  This test should always fail
  Expected: True
  But was:  False
]]></message>
            <stack-trace><![CDATA[at MinimalTest.SimpleTest_ShouldFail () [0x0000c] in /Users/nposton/tcg_remake_practice/Assets/Tests/EditMode/MinimalTest.cs:18
]]></stack-trace>
          </failure>
          <output><![CDATA[[TEST] MinimalTest_ShouldFail - Starting
]]></output>
        </test-case>
        <test-case id="1023" name="SimpleTest_ShouldPass" fullname="MinimalTest.SimpleTest_ShouldPass" methodname="SimpleTest_ShouldPass" classname="MinimalTest" runstate="Runnable" seed="1966658173" result="Passed" start-time="2025-08-09 17:15:28Z" end-time="2025-08-09 17:15:28Z" duration="0.000545" asserts="0">
          <properties>
            <property name="retryIteration" value="0" />
            <property name="repeatIteration" value="0" />
          </properties>
          <output><![CDATA[[TEST] MinimalTest_ShouldPass - Starting
[TEST] MinimalTest_ShouldPass - PASSED
Saving results to: /Users/nposton/Library/Application Support/DefaultCompany/tcg_remake_practice/TestResults.xml
]]></output>
        </test-case>
      </test-suite>
    </test-suite>
  </test-suite>
</test-run>