<?xml version="1.0" encoding="utf-8"?>
<test-run id="2" testcasecount="6" result="Failed(Child)" total="6" passed="2" failed="4" inconclusive="0" skipped="0" asserts="0" engine-version="3.5.0.0" clr-version="4.0.30319.42000" start-time="2025-08-09 17:31:08Z" end-time="2025-08-09 17:31:12Z" duration="4.4862475">
  <test-suite type="TestSuite" id="1015" name="tcg_remake_practice" fullname="tcg_remake_practice" runstate="Runnable" testcasecount="6" result="Failed" site="Child" start-time="2025-08-09 17:31:08Z" end-time="2025-08-09 17:31:12Z" duration="4.486248" total="6" passed="2" failed="4" inconclusive="0" skipped="0" asserts="0">
    <properties>
      <property name="platform" value="PlayMode" />
    </properties>
    <failure>
      <message><![CDATA[One or more child tests had errors]]></message>
    </failure>
    <test-suite type="Assembly" id="1009" name="TinyChaoGarden.PlayModeTests.dll" fullname="/Users/nposton/tcg_remake_practice/Library/ScriptAssemblies/TinyChaoGarden.PlayModeTests.dll" runstate="Runnable" testcasecount="6" result="Failed" site="Child" start-time="2025-08-09 17:31:08Z" end-time="2025-08-09 17:31:12Z" duration="4.482637" total="6" passed="2" failed="4" inconclusive="0" skipped="0" asserts="0">
      <properties>
        <property name="_PID" value="81779" />
        <property name="_APPDOMAIN" value="Unity Child Domain" />
        <property name="platform" value="PlayMode" />
        <property name="EditorOnly" value="False" />
      </properties>
      <failure>
        <message><![CDATA[One or more child tests had errors]]></message>
      </failure>
      <test-suite type="TestSuite" id="1010" name="Tests" fullname="Tests" runstate="Runnable" testcasecount="6" result="Failed" site="Child" start-time="2025-08-09 17:31:08Z" end-time="2025-08-09 17:31:12Z" duration="4.482365" total="6" passed="2" failed="4" inconclusive="0" skipped="0" asserts="0">
        <properties />
        <failure>
          <message><![CDATA[One or more child tests had errors]]></message>
        </failure>
        <test-suite type="TestSuite" id="1011" name="PlayMode" fullname="Tests.PlayMode" runstate="Runnable" testcasecount="6" result="Failed" site="Child" start-time="2025-08-09 17:31:08Z" end-time="2025-08-09 17:31:12Z" duration="4.482156" total="6" passed="2" failed="4" inconclusive="0" skipped="0" asserts="0">
          <properties />
          <failure>
            <message><![CDATA[One or more child tests had errors]]></message>
          </failure>
          <test-suite type="TestFixture" id="1005" name="GardenMovementTests" fullname="Tests.PlayMode.GardenMovementTests" classname="Tests.PlayMode.GardenMovementTests" runstate="Runnable" testcasecount="3" result="Failed" site="Child" start-time="2025-08-09 17:31:08Z" end-time="2025-08-09 17:31:10Z" duration="2.269794" total="3" passed="2" failed="1" inconclusive="0" skipped="0" asserts="0">
            <properties />
            <failure>
              <message><![CDATA[One or more child tests had errors]]></message>
            </failure>
            <test-case id="1008" name="EmoteBall_FollowsChao" fullname="Tests.PlayMode.GardenMovementTests.EmoteBall_FollowsChao" methodname="EmoteBall_FollowsChao" classname="Tests.PlayMode.GardenMovementTests" runstate="Runnable" seed="668881894" result="Passed" start-time="2025-08-09 17:31:08Z" end-time="2025-08-09 17:31:09Z" duration="1.280004" asserts="0">
              <properties>
                <property name="_JOINTYPE" value="UnityCombinatorial" />
                <property name="retryIteration" value="0" />
                <property name="repeatIteration" value="0" />
              </properties>
              <output><![CDATA[[TEST] Setting up Garden test - Loading Garden
Parameter 'facing' does not exist.
Parameter 'facing' does not exist.
Parameter 'facing' does not exist.
Parameter 'facing' does not exist.
Parameter 'facing' does not exist.
Parameter 'facing' does not exist.
Parameter 'facing' does not exist.
Parameter 'facing' does not exist.
Parameter 'facing' does not exist.
Parameter 'facing' does not exist.
Parameter 'facing' does not exist.
Parameter 'facing' does not exist.
Parameter 'facing' does not exist.
Parameter 'facing' does not exist.
Parameter 'facing' does not exist.
Parameter 'facing' does not exist.
Parameter 'facing' does not exist.
Parameter 'facing' does not exist.
Parameter 'facing' does not exist.
Parameter 'facing' does not exist.
Parameter 'facing' does not exist.
Parameter 'facing' does not exist.
Parameter 'facing' does not exist.
Parameter 'facing' does not exist.
Parameter 'facing' does not exist.
Parameter 'facing' does not exist.
Parameter 'facing' does not exist.
Parameter 'facing' does not exist.
Parameter 'facing' does not exist.
Parameter 'facing' does not exist.
Parameter 'facing' does not exist.
Parameter 'facing' does not exist.
Parameter 'facing' does not exist.
Parameter 'facing' does not exist.
Parameter 'facing' does not exist.
Parameter 'facing' does not exist.
Parameter 'facing' does not exist.
Parameter 'facing' does not exist.
Parameter 'facing' does not exist.
Parameter 'facing' does not exist.
Parameter 'facing' does not exist.
Parameter 'facing' does not exist.
Parameter 'facing' does not exist.
Parameter 'facing' does not exist.
Parameter 'facing' does not exist.
Parameter 'facing' does not exist.
Parameter 'facing' does not exist.
Parameter 'facing' does not exist.
Parameter 'facing' does not exist.
Parameter 'facing' does not exist.
Parameter 'facing' does not exist.
Parameter 'facing' does not exist.
Parameter 'facing' does not exist.
Parameter 'facing' does not exist.
Parameter 'facing' does not exist.
Parameter 'facing' does not exist.
Parameter 'facing' does not exist.
Parameter 'facing' does not exist.
Parameter 'facing' does not exist.
Parameter 'facing' does not exist.
Parameter 'facing' does not exist.
Parameter 'facing' does not exist.
Parameter 'facing' does not exist.
Parameter 'facing' does not exist.
Parameter 'facing' does not exist.
Parameter 'facing' does not exist.
Parameter 'facing' does not exist.
Parameter 'facing' does not exist.
Parameter 'facing' does not exist.
Parameter 'facing' does not exist.
Parameter 'facing' does not exist.
Parameter 'facing' does not exist.
Parameter 'facing' does not exist.
Parameter 'facing' does not exist.
Parameter 'facing' does not exist.
Parameter 'facing' does not exist.
Parameter 'facing' does not exist.
Parameter 'facing' does not exist.
Parameter 'facing' does not exist.
Parameter 'facing' does not exist.
Parameter 'facing' does not exist.
Parameter 'facing' does not exist.
Parameter 'facing' does not exist.
Parameter 'facing' does not exist.
Parameter 'facing' does not exist.
Parameter 'facing' does not exist.
Parameter 'facing' does not exist.
Parameter 'facing' does not exist.
Parameter 'facing' does not exist.
Parameter 'facing' does not exist.
Parameter 'facing' does not exist.
Parameter 'facing' does not exist.
Parameter 'facing' does not exist.
Parameter 'facing' does not exist.
Parameter 'facing' does not exist.
Parameter 'facing' does not exist.
Parameter 'facing' does not exist.
Parameter 'facing' does not exist.
Parameter 'facing' does not exist.
Parameter 'facing' does not exist.
Parameter 'facing' does not exist.
Parameter 'facing' does not exist.
Parameter 'facing' does not exist.
Parameter 'facing' does not exist.
Parameter 'facing' does not exist.
Parameter 'facing' does not exist.
Parameter 'facing' does not exist.
Parameter 'facing' does not exist.
Parameter 'facing' does not exist.
Parameter 'facing' does not exist.
Parameter 'facing' does not exist.
Parameter 'facing' does not exist.
Parameter 'facing' does not exist.
Parameter 'facing' does not exist.
Parameter 'facing' does not exist.
Parameter 'facing' does not exist.
Parameter 'facing' does not exist.
Parameter 'facing' does not exist.
Parameter 'facing' does not exist.
Parameter 'facing' does not exist.
Parameter 'facing' does not exist.
Parameter 'facing' does not exist.
Parameter 'facing' does not exist.
Parameter 'facing' does not exist.
Parameter 'facing' does not exist.
Parameter 'facing' does not exist.
Parameter 'facing' does not exist.
Parameter 'facing' does not exist.
Parameter 'facing' does not exist.
Parameter 'facing' does not exist.
Parameter 'facing' does not exist.
Parameter 'facing' does not exist.
Parameter 'facing' does not exist.
Parameter 'facing' does not exist.
Parameter 'facing' does not exist.
Parameter 'facing' does not exist.
Parameter 'facing' does not exist.
Parameter 'facing' does not exist.
Parameter 'facing' does not exist.
Parameter 'facing' does not exist.
Parameter 'facing' does not exist.
Parameter 'facing' does not exist.
Parameter 'facing' does not exist.
Parameter 'facing' does not exist.
Parameter 'facing' does not exist.
Parameter 'facing' does not exist.
Parameter 'facing' does not exist.
Parameter 'facing' does not exist.
Parameter 'facing' does not exist.
Parameter 'facing' does not exist.
Parameter 'facing' does not exist.
Parameter 'facing' does not exist.
Parameter 'facing' does not exist.
Parameter 'facing' does not exist.
Parameter 'facing' does not exist.
Parameter 'facing' does not exist.
Parameter 'facing' does not exist.
Parameter 'facing' does not exist.
Parameter 'facing' does not exist.
Parameter 'facing' does not exist.
Parameter 'facing' does not exist.
Parameter 'facing' does not exist.
Parameter 'facing' does not exist.
Parameter 'facing' does not exist.
Parameter 'facing' does not exist.
Parameter 'facing' does not exist.
Parameter 'facing' does not exist.
Parameter 'facing' does not exist.
Parameter 'facing' does not exist.
Parameter 'facing' does not exist.
Parameter 'facing' does not exist.
Parameter 'facing' does not exist.
Parameter 'facing' does not exist.
Parameter 'facing' does not exist.
Parameter 'facing' does not exist.
Parameter 'facing' does not exist.
Parameter 'facing' does not exist.
Parameter 'facing' does not exist.
Parameter 'facing' does not exist.
Parameter 'facing' does not exist.
Parameter 'facing' does not exist.
Parameter 'facing' does not exist.
Parameter 'facing' does not exist.
Parameter 'facing' does not exist.
Parameter 'facing' does not exist.
Parameter 'facing' does not exist.
Parameter 'facing' does not exist.
Parameter 'facing' does not exist.
Parameter 'facing' does not exist.
Parameter 'facing' does not exist.
Parameter 'facing' does not exist.
Parameter 'facing' does not exist.
Parameter 'facing' does not exist.
Parameter 'facing' does not exist.
Parameter 'facing' does not exist.
Parameter 'facing' does not exist.
Parameter 'facing' does not exist.
Parameter 'facing' does not exist.
Parameter 'facing' does not exist.
Parameter 'facing' does not exist.
Parameter 'facing' does not exist.
Parameter 'facing' does not exist.
Parameter 'facing' does not exist.
Parameter 'facing' does not exist.
Parameter 'facing' does not exist.
Parameter 'facing' does not exist.
Parameter 'facing' does not exist.
Parameter 'facing' does not exist.
Parameter 'facing' does not exist.
Parameter 'facing' does not exist.
Parameter 'facing' does not exist.
Parameter 'facing' does not exist.
Parameter 'facing' does not exist.
Parameter 'facing' does not exist.
Parameter 'facing' does not exist.
Parameter 'facing' does not exist.
Parameter 'facing' does not exist.
Parameter 'facing' does not exist.
Parameter 'facing' does not exist.
Parameter 'facing' does not exist.
Parameter 'facing' does not exist.
Parameter 'facing' does not exist.
Parameter 'facing' does not exist.
Parameter 'facing' does not exist.
Parameter 'facing' does not exist.
Parameter 'facing' does not exist.
Parameter 'facing' does not exist.
Parameter 'facing' does not exist.
Parameter 'facing' does not exist.
Parameter 'facing' does not exist.
Parameter 'facing' does not exist.
Parameter 'facing' does not exist.
Parameter 'facing' does not exist.
Parameter 'facing' does not exist.
Parameter 'facing' does not exist.
Parameter 'facing' does not exist.
Parameter 'facing' does not exist.
Parameter 'facing' does not exist.
Parameter 'facing' does not exist.
Parameter 'facing' does not exist.
Parameter 'facing' does not exist.
Parameter 'facing' does not exist.
Parameter 'facing' does not exist.
Parameter 'facing' does not exist.
Parameter 'facing' does not exist.
Parameter 'facing' does not exist.
Parameter 'facing' does not exist.
Parameter 'facing' does not exist.
Parameter 'facing' does not exist.
Parameter 'facing' does not exist.
Parameter 'facing' does not exist.
Parameter 'facing' does not exist.
Parameter 'facing' does not exist.
Parameter 'facing' does not exist.
Parameter 'facing' does not exist.
Parameter 'facing' does not exist.
Parameter 'facing' does not exist.
Parameter 'facing' does not exist.
Parameter 'facing' does not exist.
Parameter 'facing' does not exist.
Parameter 'facing' does not exist.
Parameter 'facing' does not exist.
Parameter 'facing' does not exist.
Parameter 'facing' does not exist.
Parameter 'facing' does not exist.
Parameter 'facing' does not exist.
Parameter 'facing' does not exist.
Parameter 'facing' does not exist.
Parameter 'facing' does not exist.
Parameter 'facing' does not exist.
Parameter 'facing' does not exist.
Parameter 'facing' does not exist.
Parameter 'facing' does not exist.
Parameter 'facing' does not exist.
Parameter 'facing' does not exist.
Parameter 'facing' does not exist.
Parameter 'facing' does not exist.
Parameter 'facing' does not exist.
Parameter 'facing' does not exist.
Parameter 'facing' does not exist.
Parameter 'facing' does not exist.
Parameter 'facing' does not exist.
Parameter 'facing' does not exist.
Parameter 'facing' does not exist.
Parameter 'facing' does not exist.
Parameter 'facing' does not exist.
Parameter 'facing' does not exist.
Parameter 'facing' does not exist.
Parameter 'facing' does not exist.
Parameter 'facing' does not exist.
Parameter 'facing' does not exist.
Parameter 'facing' does not exist.
Parameter 'facing' does not exist.
Parameter 'facing' does not exist.
Parameter 'facing' does not exist.
Parameter 'facing' does not exist.
Parameter 'facing' does not exist.
Parameter 'facing' does not exist.
Parameter 'facing' does not exist.
Parameter 'facing' does not exist.
Parameter 'facing' does not exist.
Parameter 'facing' does not exist.
Parameter 'facing' does not exist.
Parameter 'facing' does not exist.
Parameter 'facing' does not exist.
Parameter 'facing' does not exist.
Parameter 'facing' does not exist.
Parameter 'facing' does not exist.
Parameter 'facing' does not exist.
Parameter 'facing' does not exist.
Parameter 'facing' does not exist.
Parameter 'facing' does not exist.
Parameter 'facing' does not exist.
Parameter 'facing' does not exist.
Parameter 'facing' does not exist.
Parameter 'facing' does not exist.
Parameter 'facing' does not exist.
Parameter 'facing' does not exist.
Parameter 'facing' does not exist.
Parameter 'facing' does not exist.
Parameter 'facing' does not exist.
Parameter 'facing' does not exist.
Parameter 'facing' does not exist.
Parameter 'facing' does not exist.
Parameter 'facing' does not exist.
Parameter 'facing' does not exist.
Parameter 'facing' does not exist.
Parameter 'facing' does not exist.
Parameter 'facing' does not exist.
Parameter 'facing' does not exist.
Parameter 'facing' does not exist.
Parameter 'facing' does not exist.
Parameter 'facing' does not exist.
Parameter 'facing' does not exist.
Parameter 'facing' does not exist.
Parameter 'facing' does not exist.
Parameter 'facing' does not exist.
Parameter 'facing' does not exist.
Parameter 'facing' does not exist.
Parameter 'facing' does not exist.
Parameter 'facing' does not exist.
Parameter 'facing' does not exist.
Parameter 'facing' does not exist.
Parameter 'facing' does not exist.
Parameter 'facing' does not exist.
Parameter 'facing' does not exist.
Parameter 'facing' does not exist.
Parameter 'facing' does not exist.
Parameter 'facing' does not exist.
Parameter 'facing' does not exist.
Parameter 'facing' does not exist.
Parameter 'facing' does not exist.
Parameter 'facing' does not exist.
Parameter 'facing' does not exist.
Parameter 'facing' does not exist.
Parameter 'facing' does not exist.
Parameter 'facing' does not exist.
Parameter 'facing' does not exist.
Parameter 'facing' does not exist.
Parameter 'facing' does not exist.
Parameter 'facing' does not exist.
Parameter 'facing' does not exist.
Parameter 'facing' does not exist.
Parameter 'facing' does not exist.
Parameter 'facing' does not exist.
Parameter 'facing' does not exist.
Parameter 'facing' does not exist.
Parameter 'facing' does not exist.
Parameter 'facing' does not exist.
Parameter 'facing' does not exist.
Parameter 'facing' does not exist.
Parameter 'facing' does not exist.
Parameter 'facing' does not exist.
Parameter 'facing' does not exist.
Parameter 'facing' does not exist.
Parameter 'facing' does not exist.
Parameter 'facing' does not exist.
Parameter 'facing' does not exist.
Parameter 'facing' does not exist.
Parameter 'facing' does not exist.
Parameter 'facing' does not exist.
Parameter 'facing' does not exist.
Parameter 'facing' does not exist.
Parameter 'facing' does not exist.
Parameter 'facing' does not exist.
Parameter 'facing' does not exist.
Parameter 'facing' does not exist.
Parameter 'facing' does not exist.
Parameter 'facing' does not exist.
Parameter 'facing' does not exist.
Parameter 'facing' does not exist.
Parameter 'facing' does not exist.
Parameter 'facing' does not exist.
Parameter 'facing' does not exist.
Parameter 'facing' does not exist.
Parameter 'facing' does not exist.
Parameter 'facing' does not exist.
Parameter 'facing' does not exist.
Parameter 'facing' does not exist.
Parameter 'facing' does not exist.
Parameter 'facing' does not exist.
Parameter 'facing' does not exist.
Parameter 'facing' does not exist.
Parameter 'facing' does not exist.
Parameter 'facing' does not exist.
Parameter 'facing' does not exist.
Parameter 'facing' does not exist.
Parameter 'facing' does not exist.
Parameter 'facing' does not exist.
Parameter 'facing' does not exist.
Parameter 'facing' does not exist.
Parameter 'facing' does not exist.
Parameter 'facing' does not exist.
Parameter 'facing' does not exist.
Parameter 'facing' does not exist.
Parameter 'facing' does not exist.
Parameter 'facing' does not exist.
Parameter 'facing' does not exist.
Parameter 'facing' does not exist.
Parameter 'facing' does not exist.
Parameter 'facing' does not exist.
Parameter 'facing' does not exist.
Parameter 'facing' does not exist.
Parameter 'facing' does not exist.
Parameter 'facing' does not exist.
Parameter 'facing' does not exist.
Parameter 'facing' does not exist.
Parameter 'facing' does not exist.
Parameter 'facing' does not exist.
Parameter 'facing' does not exist.
Parameter 'facing' does not exist.
Parameter 'facing' does not exist.
Parameter 'facing' does not exist.
Parameter 'facing' does not exist.
Parameter 'facing' does not exist.
Parameter 'facing' does not exist.
Parameter 'facing' does not exist.
Parameter 'facing' does not exist.
Parameter 'facing' does not exist.
Parameter 'facing' does not exist.
Parameter 'facing' does not exist.
Parameter 'facing' does not exist.
Parameter 'facing' does not exist.
Parameter 'facing' does not exist.
Parameter 'facing' does not exist.
Parameter 'facing' does not exist.
Parameter 'facing' does not exist.
Parameter 'facing' does not exist.
Parameter 'facing' does not exist.
Parameter 'facing' does not exist.
Parameter 'facing' does not exist.
Parameter 'facing' does not exist.
Parameter 'facing' does not exist.
Parameter 'facing' does not exist.
Parameter 'facing' does not exist.
Parameter 'facing' does not exist.
Parameter 'facing' does not exist.
Parameter 'facing' does not exist.
Parameter 'facing' does not exist.
Parameter 'facing' does not exist.
Parameter 'facing' does not exist.
Parameter 'facing' does not exist.
Parameter 'facing' does not exist.
Parameter 'facing' does not exist.
Parameter 'facing' does not exist.
Parameter 'facing' does not exist.
Parameter 'facing' does not exist.
Parameter 'facing' does not exist.
Parameter 'facing' does not exist.
Parameter 'facing' does not exist.
Parameter 'facing' does not exist.
Parameter 'facing' does not exist.
Parameter 'facing' does not exist.
Parameter 'facing' does not exist.
Parameter 'facing' does not exist.
Parameter 'facing' does not exist.
Parameter 'facing' does not exist.
Parameter 'facing' does not exist.
Parameter 'facing' does not exist.
Parameter 'facing' does not exist.
Parameter 'facing' does not exist.
Parameter 'facing' does not exist.
Parameter 'facing' does not exist.
Parameter 'facing' does not exist.
Parameter 'facing' does not exist.
Parameter 'facing' does not exist.
Parameter 'facing' does not exist.
Parameter 'facing' does not exist.
Parameter 'facing' does not exist.
Parameter 'facing' does not exist.
Parameter 'facing' does not exist.
Parameter 'facing' does not exist.
Parameter 'facing' does not exist.
Parameter 'facing' does not exist.
Parameter 'facing' does not exist.
Parameter 'facing' does not exist.
Parameter 'facing' does not exist.
Parameter 'facing' does not exist.
Parameter 'facing' does not exist.
Parameter 'facing' does not exist.
[TEST] Garden setup complete - MovementScript found: True
Parameter 'facing' does not exist.
Parameter 'facing' does not exist.
[TEST] Starting EmoteBall_FollowsChao test
Parameter 'facing' does not exist.
Parameter 'facing' does not exist.
Parameter 'facing' does not exist.
Parameter 'facing' does not exist.
Parameter 'facing' does not exist.
Parameter 'facing' does not exist.
Parameter 'facing' does not exist.
Parameter 'facing' does not exist.
Parameter 'facing' does not exist.
Parameter 'facing' does not exist.
Parameter 'facing' does not exist.
Parameter 'facing' does not exist.
Parameter 'facing' does not exist.
Parameter 'facing' does not exist.
Parameter 'facing' does not exist.
Parameter 'facing' does not exist.
Parameter 'facing' does not exist.
Parameter 'facing' does not exist.
Parameter 'facing' does not exist.
Parameter 'facing' does not exist.
Parameter 'facing' does not exist.
Parameter 'facing' does not exist.
Parameter 'facing' does not exist.
Parameter 'facing' does not exist.
Parameter 'facing' does not exist.
Parameter 'facing' does not exist.
Parameter 'facing' does not exist.
Parameter 'facing' does not exist.
Parameter 'facing' does not exist.
Parameter 'facing' does not exist.
Parameter 'facing' does not exist.
Parameter 'facing' does not exist.
Parameter 'facing' does not exist.
Parameter 'facing' does not exist.
Parameter 'facing' does not exist.
Parameter 'facing' does not exist.
Parameter 'facing' does not exist.
Parameter 'facing' does not exist.
Parameter 'facing' does not exist.
Parameter 'facing' does not exist.
Parameter 'facing' does not exist.
Parameter 'facing' does not exist.
Parameter 'facing' does not exist.
Parameter 'facing' does not exist.
Parameter 'facing' does not exist.
Parameter 'facing' does not exist.
Parameter 'facing' does not exist.
Parameter 'facing' does not exist.
Parameter 'facing' does not exist.
Parameter 'facing' does not exist.
Parameter 'facing' does not exist.
Parameter 'facing' does not exist.
Parameter 'facing' does not exist.
Parameter 'facing' does not exist.
Parameter 'facing' does not exist.
Parameter 'facing' does not exist.
Parameter 'facing' does not exist.
Parameter 'facing' does not exist.
Parameter 'facing' does not exist.
Parameter 'facing' does not exist.
Parameter 'facing' does not exist.
Parameter 'facing' does not exist.
Parameter 'facing' does not exist.
Parameter 'facing' does not exist.
Parameter 'facing' does not exist.
Parameter 'facing' does not exist.
Parameter 'facing' does not exist.
Parameter 'facing' does not exist.
Parameter 'facing' does not exist.
Parameter 'facing' does not exist.
Parameter 'facing' does not exist.
Parameter 'facing' does not exist.
Parameter 'facing' does not exist.
Parameter 'facing' does not exist.
Parameter 'facing' does not exist.
Parameter 'facing' does not exist.
Parameter 'facing' does not exist.
Parameter 'facing' does not exist.
Parameter 'facing' does not exist.
Parameter 'facing' does not exist.
Parameter 'facing' does not exist.
Parameter 'facing' does not exist.
Parameter 'facing' does not exist.
Parameter 'facing' does not exist.
Parameter 'facing' does not exist.
Parameter 'facing' does not exist.
Parameter 'facing' does not exist.
Parameter 'facing' does not exist.
Parameter 'facing' does not exist.
Parameter 'facing' does not exist.
Parameter 'facing' does not exist.
Parameter 'facing' does not exist.
Parameter 'facing' does not exist.
Parameter 'facing' does not exist.
Parameter 'facing' does not exist.
Parameter 'facing' does not exist.
Parameter 'facing' does not exist.
Parameter 'facing' does not exist.
Parameter 'facing' does not exist.
Parameter 'facing' does not exist.
Parameter 'facing' does not exist.
Parameter 'facing' does not exist.
Parameter 'facing' does not exist.
Parameter 'facing' does not exist.
Parameter 'facing' does not exist.
Parameter 'facing' does not exist.
Parameter 'facing' does not exist.
Parameter 'facing' does not exist.
Parameter 'facing' does not exist.
Parameter 'facing' does not exist.
Parameter 'facing' does not exist.
Parameter 'facing' does not exist.
Parameter 'facing' does not exist.
Parameter 'facing' does not exist.
Parameter 'facing' does not exist.
Parameter 'facing' does not exist.
Parameter 'facing' does not exist.
Parameter 'facing' does not exist.
Parameter 'facing' does not exist.
Parameter 'facing' does not exist.
Parameter 'facing' does not exist.
Parameter 'facing' does not exist.
Parameter 'facing' does not exist.
Parameter 'facing' does not exist.
Parameter 'facing' does not exist.
Parameter 'facing' does not exist.
Parameter 'facing' does not exist.
Parameter 'facing' does not exist.
Parameter 'facing' does not exist.
Parameter 'facing' does not exist.
Parameter 'facing' does not exist.
Parameter 'facing' does not exist.
Parameter 'facing' does not exist.
Parameter 'facing' does not exist.
Parameter 'facing' does not exist.
Parameter 'facing' does not exist.
Parameter 'facing' does not exist.
Parameter 'facing' does not exist.
Parameter 'facing' does not exist.
Parameter 'facing' does not exist.
Parameter 'facing' does not exist.
Parameter 'facing' does not exist.
Parameter 'facing' does not exist.
Parameter 'facing' does not exist.
Parameter 'facing' does not exist.
Parameter 'facing' does not exist.
Parameter 'facing' does not exist.
Parameter 'facing' does not exist.
Parameter 'facing' does not exist.
Parameter 'facing' does not exist.
Parameter 'facing' does not exist.
Parameter 'facing' does not exist.
Parameter 'facing' does not exist.
Parameter 'facing' does not exist.
Parameter 'facing' does not exist.
Parameter 'facing' does not exist.
Parameter 'facing' does not exist.
Parameter 'facing' does not exist.
Parameter 'facing' does not exist.
Parameter 'facing' does not exist.
Parameter 'facing' does not exist.
Parameter 'facing' does not exist.
Parameter 'facing' does not exist.
Parameter 'facing' does not exist.
Parameter 'facing' does not exist.
Parameter 'facing' does not exist.
Parameter 'facing' does not exist.
Parameter 'facing' does not exist.
Parameter 'facing' does not exist.
Parameter 'facing' does not exist.
Parameter 'facing' does not exist.
Parameter 'facing' does not exist.
Parameter 'facing' does not exist.
Parameter 'facing' does not exist.
Parameter 'facing' does not exist.
Parameter 'facing' does not exist.
Parameter 'facing' does not exist.
Parameter 'facing' does not exist.
Parameter 'facing' does not exist.
Parameter 'facing' does not exist.
Parameter 'facing' does not exist.
Parameter 'facing' does not exist.
Parameter 'facing' does not exist.
Parameter 'facing' does not exist.
Parameter 'facing' does not exist.
Parameter 'facing' does not exist.
Parameter 'facing' does not exist.
Parameter 'facing' does not exist.
Parameter 'facing' does not exist.
Parameter 'facing' does not exist.
Parameter 'facing' does not exist.
Parameter 'facing' does not exist.
Parameter 'facing' does not exist.
Parameter 'facing' does not exist.
Parameter 'facing' does not exist.
Parameter 'facing' does not exist.
Parameter 'facing' does not exist.
Parameter 'facing' does not exist.
Parameter 'facing' does not exist.
Parameter 'facing' does not exist.
Parameter 'facing' does not exist.
Parameter 'facing' does not exist.
Parameter 'facing' does not exist.
Parameter 'facing' does not exist.
Parameter 'facing' does not exist.
Parameter 'facing' does not exist.
Parameter 'facing' does not exist.
Parameter 'facing' does not exist.
Parameter 'facing' does not exist.
Parameter 'facing' does not exist.
Parameter 'facing' does not exist.
Parameter 'facing' does not exist.
Parameter 'facing' does not exist.
Parameter 'facing' does not exist.
Parameter 'facing' does not exist.
Parameter 'facing' does not exist.
Parameter 'facing' does not exist.
Parameter 'facing' does not exist.
Parameter 'facing' does not exist.
Parameter 'facing' does not exist.
Parameter 'facing' does not exist.
Parameter 'facing' does not exist.
Parameter 'facing' does not exist.
Parameter 'facing' does not exist.
Parameter 'facing' does not exist.
Parameter 'facing' does not exist.
Parameter 'facing' does not exist.
Parameter 'facing' does not exist.
Parameter 'facing' does not exist.
Parameter 'facing' does not exist.
Parameter 'facing' does not exist.
Parameter 'facing' does not exist.
Parameter 'facing' does not exist.
Parameter 'facing' does not exist.
Parameter 'facing' does not exist.
Parameter 'facing' does not exist.
Parameter 'facing' does not exist.
Parameter 'facing' does not exist.
Parameter 'facing' does not exist.
Parameter 'facing' does not exist.
Parameter 'facing' does not exist.
Parameter 'facing' does not exist.
Parameter 'facing' does not exist.
Parameter 'facing' does not exist.
Parameter 'facing' does not exist.
Parameter 'facing' does not exist.
Parameter 'facing' does not exist.
Parameter 'facing' does not exist.
Parameter 'facing' does not exist.
Parameter 'facing' does not exist.
Parameter 'facing' does not exist.
Parameter 'facing' does not exist.
Parameter 'facing' does not exist.
Parameter 'facing' does not exist.
Parameter 'facing' does not exist.
Parameter 'facing' does not exist.
Parameter 'facing' does not exist.
Parameter 'facing' does not exist.
Parameter 'facing' does not exist.
Parameter 'facing' does not exist.
Parameter 'facing' does not exist.
Parameter 'facing' does not exist.
Parameter 'facing' does not exist.
Parameter 'facing' does not exist.
Parameter 'facing' does not exist.
Parameter 'facing' does not exist.
Parameter 'facing' does not exist.
Parameter 'facing' does not exist.
Parameter 'facing' does not exist.
Parameter 'facing' does not exist.
Parameter 'facing' does not exist.
Parameter 'facing' does not exist.
Parameter 'facing' does not exist.
Parameter 'facing' does not exist.
Parameter 'facing' does not exist.
Parameter 'facing' does not exist.
Parameter 'facing' does not exist.
Parameter 'facing' does not exist.
Parameter 'facing' does not exist.
Parameter 'facing' does not exist.
Parameter 'facing' does not exist.
Parameter 'facing' does not exist.
Parameter 'facing' does not exist.
Parameter 'facing' does not exist.
Parameter 'facing' does not exist.
Parameter 'facing' does not exist.
Parameter 'facing' does not exist.
Parameter 'facing' does not exist.
Parameter 'facing' does not exist.
Parameter 'facing' does not exist.
Parameter 'facing' does not exist.
Parameter 'facing' does not exist.
Parameter 'facing' does not exist.
Parameter 'facing' does not exist.
Parameter 'facing' does not exist.
Parameter 'facing' does not exist.
Parameter 'facing' does not exist.
Parameter 'facing' does not exist.
Parameter 'facing' does not exist.
Parameter 'facing' does not exist.
Parameter 'facing' does not exist.
Parameter 'facing' does not exist.
Parameter 'facing' does not exist.
Parameter 'facing' does not exist.
Parameter 'facing' does not exist.
Parameter 'facing' does not exist.
Parameter 'facing' does not exist.
Parameter 'facing' does not exist.
Parameter 'facing' does not exist.
Parameter 'facing' does not exist.
Parameter 'facing' does not exist.
Parameter 'facing' does not exist.
Parameter 'facing' does not exist.
Parameter 'facing' does not exist.
Parameter 'facing' does not exist.
Parameter 'facing' does not exist.
Parameter 'facing' does not exist.
Parameter 'facing' does not exist.
Parameter 'facing' does not exist.
Parameter 'facing' does not exist.
Parameter 'facing' does not exist.
Parameter 'facing' does not exist.
Parameter 'facing' does not exist.
Parameter 'facing' does not exist.
Parameter 'facing' does not exist.
Parameter 'facing' does not exist.
Parameter 'facing' does not exist.
Parameter 'facing' does not exist.
Parameter 'facing' does not exist.
Parameter 'facing' does not exist.
Parameter 'facing' does not exist.
Parameter 'facing' does not exist.
Parameter 'facing' does not exist.
Parameter 'facing' does not exist.
Parameter 'facing' does not exist.
Parameter 'facing' does not exist.
Parameter 'facing' does not exist.
Parameter 'facing' does not exist.
Parameter 'facing' does not exist.
Parameter 'facing' does not exist.
Parameter 'facing' does not exist.
Parameter 'facing' does not exist.
Parameter 'facing' does not exist.
Parameter 'facing' does not exist.
Parameter 'facing' does not exist.
Parameter 'facing' does not exist.
Parameter 'facing' does not exist.
Parameter 'facing' does not exist.
Parameter 'facing' does not exist.
Parameter 'facing' does not exist.
Parameter 'facing' does not exist.
Parameter 'facing' does not exist.
Parameter 'facing' does not exist.
Parameter 'facing' does not exist.
Parameter 'facing' does not exist.
Parameter 'facing' does not exist.
Parameter 'facing' does not exist.
Parameter 'facing' does not exist.
Parameter 'facing' does not exist.
Parameter 'facing' does not exist.
Parameter 'facing' does not exist.
Parameter 'facing' does not exist.
Parameter 'facing' does not exist.
Parameter 'facing' does not exist.
Parameter 'facing' does not exist.
Parameter 'facing' does not exist.
Parameter 'facing' does not exist.
Parameter 'facing' does not exist.
Parameter 'facing' does not exist.
Parameter 'facing' does not exist.
Parameter 'facing' does not exist.
Parameter 'facing' does not exist.
Parameter 'facing' does not exist.
Parameter 'facing' does not exist.
Parameter 'facing' does not exist.
Parameter 'facing' does not exist.
Parameter 'facing' does not exist.
Parameter 'facing' does not exist.
Parameter 'facing' does not exist.
Parameter 'facing' does not exist.
Parameter 'facing' does not exist.
Parameter 'facing' does not exist.
Parameter 'facing' does not exist.
Parameter 'facing' does not exist.
Parameter 'facing' does not exist.
Parameter 'facing' does not exist.
Parameter 'facing' does not exist.
Parameter 'facing' does not exist.
Parameter 'facing' does not exist.
Parameter 'facing' does not exist.
Parameter 'facing' does not exist.
Parameter 'facing' does not exist.
Parameter 'facing' does not exist.
Parameter 'facing' does not exist.
Parameter 'facing' does not exist.
Parameter 'facing' does not exist.
Parameter 'facing' does not exist.
Parameter 'facing' does not exist.
Parameter 'facing' does not exist.
Parameter 'facing' does not exist.
Parameter 'facing' does not exist.
Parameter 'facing' does not exist.
Parameter 'facing' does not exist.
Parameter 'facing' does not exist.
Parameter 'facing' does not exist.
Parameter 'facing' does not exist.
Parameter 'facing' does not exist.
Parameter 'facing' does not exist.
Parameter 'facing' does not exist.
Parameter 'facing' does not exist.
Parameter 'facing' does not exist.
Parameter 'facing' does not exist.
Parameter 'facing' does not exist.
Parameter 'facing' does not exist.
Parameter 'facing' does not exist.
Parameter 'facing' does not exist.
Parameter 'facing' does not exist.
Parameter 'facing' does not exist.
Parameter 'facing' does not exist.
Parameter 'facing' does not exist.
Parameter 'facing' does not exist.
Parameter 'facing' does not exist.
Parameter 'facing' does not exist.
Parameter 'facing' does not exist.
Parameter 'facing' does not exist.
Parameter 'facing' does not exist.
Parameter 'facing' does not exist.
Parameter 'facing' does not exist.
Parameter 'facing' does not exist.
Parameter 'facing' does not exist.
Parameter 'facing' does not exist.
Parameter 'facing' does not exist.
Parameter 'facing' does not exist.
Parameter 'facing' does not exist.
Parameter 'facing' does not exist.
Parameter 'facing' does not exist.
Parameter 'facing' does not exist.
Parameter 'facing' does not exist.
Parameter 'facing' does not exist.
Parameter 'facing' does not exist.
Parameter 'facing' does not exist.
Parameter 'facing' does not exist.
Parameter 'facing' does not exist.
Parameter 'facing' does not exist.
Parameter 'facing' does not exist.
Parameter 'facing' does not exist.
Parameter 'facing' does not exist.
Parameter 'facing' does not exist.
Parameter 'facing' does not exist.
Parameter 'facing' does not exist.
Parameter 'facing' does not exist.
Parameter 'facing' does not exist.
Parameter 'facing' does not exist.
Parameter 'facing' does not exist.
Parameter 'facing' does not exist.
Parameter 'facing' does not exist.
Parameter 'facing' does not exist.
Parameter 'facing' does not exist.
Parameter 'facing' does not exist.
Parameter 'facing' does not exist.
Parameter 'facing' does not exist.
Parameter 'facing' does not exist.
Parameter 'facing' does not exist.
Parameter 'facing' does not exist.
Parameter 'facing' does not exist.
Parameter 'facing' does not exist.
Parameter 'facing' does not exist.
Parameter 'facing' does not exist.
Parameter 'facing' does not exist.
Parameter 'facing' does not exist.
Parameter 'facing' does not exist.
Parameter 'facing' does not exist.
Parameter 'facing' does not exist.
Parameter 'facing' does not exist.
Parameter 'facing' does not exist.
Parameter 'facing' does not exist.
Parameter 'facing' does not exist.
Parameter 'facing' does not exist.
Parameter 'facing' does not exist.
Parameter 'facing' does not exist.
Parameter 'facing' does not exist.
Parameter 'facing' does not exist.
Parameter 'facing' does not exist.
Parameter 'facing' does not exist.
Parameter 'facing' does not exist.
Parameter 'facing' does not exist.
Parameter 'facing' does not exist.
Parameter 'facing' does not exist.
Parameter 'facing' does not exist.
Parameter 'facing' does not exist.
Parameter 'facing' does not exist.
Parameter 'facing' does not exist.
Parameter 'facing' does not exist.
Parameter 'facing' does not exist.
Parameter 'facing' does not exist.
Parameter 'facing' does not exist.
Parameter 'facing' does not exist.
Parameter 'facing' does not exist.
Parameter 'facing' does not exist.
Parameter 'facing' does not exist.
Parameter 'facing' does not exist.
Parameter 'facing' does not exist.
Parameter 'facing' does not exist.
Parameter 'facing' does not exist.
Parameter 'facing' does not exist.
Parameter 'facing' does not exist.
Parameter 'facing' does not exist.
Parameter 'facing' does not exist.
Parameter 'facing' does not exist.
Parameter 'facing' does not exist.
Parameter 'facing' does not exist.
Parameter 'facing' does not exist.
Parameter 'facing' does not exist.
Parameter 'facing' does not exist.
Parameter 'facing' does not exist.
Parameter 'facing' does not exist.
Parameter 'facing' does not exist.
Parameter 'facing' does not exist.
Parameter 'facing' does not exist.
Parameter 'facing' does not exist.
Parameter 'facing' does not exist.
Parameter 'facing' does not exist.
Parameter 'facing' does not exist.
Parameter 'facing' does not exist.
Parameter 'facing' does not exist.
Parameter 'facing' does not exist.
Parameter 'facing' does not exist.
Parameter 'facing' does not exist.
Parameter 'facing' does not exist.
Parameter 'facing' does not exist.
Parameter 'facing' does not exist.
Parameter 'facing' does not exist.
Parameter 'facing' does not exist.
Parameter 'facing' does not exist.
Parameter 'facing' does not exist.
Parameter 'facing' does not exist.
Parameter 'facing' does not exist.
Parameter 'facing' does not exist.
Parameter 'facing' does not exist.
Parameter 'facing' does not exist.
Parameter 'facing' does not exist.
Parameter 'facing' does not exist.
Parameter 'facing' does not exist.
Parameter 'facing' does not exist.
Parameter 'facing' does not exist.
Parameter 'facing' does not exist.
Parameter 'facing' does not exist.
Parameter 'facing' does not exist.
Parameter 'facing' does not exist.
Parameter 'facing' does not exist.
Parameter 'facing' does not exist.
Parameter 'facing' does not exist.
Parameter 'facing' does not exist.
Parameter 'facing' does not exist.
Parameter 'facing' does not exist.
Parameter 'facing' does not exist.
Parameter 'facing' does not exist.
Parameter 'facing' does not exist.
Parameter 'facing' does not exist.
Parameter 'facing' does not exist.
Parameter 'facing' does not exist.
Parameter 'facing' does not exist.
Parameter 'facing' does not exist.
Parameter 'facing' does not exist.
Parameter 'facing' does not exist.
Parameter 'facing' does not exist.
Parameter 'facing' does not exist.
Parameter 'facing' does not exist.
Parameter 'facing' does not exist.
Parameter 'facing' does not exist.
Parameter 'facing' does not exist.
Parameter 'facing' does not exist.
Parameter 'facing' does not exist.
Parameter 'facing' does not exist.
Parameter 'facing' does not exist.
Parameter 'facing' does not exist.
Parameter 'facing' does not exist.
Parameter 'facing' does not exist.
Parameter 'facing' does not exist.
Parameter 'facing' does not exist.
Parameter 'facing' does not exist.
Parameter 'facing' does not exist.
Parameter 'facing' does not exist.
Parameter 'facing' does not exist.
Parameter 'facing' does not exist.
Parameter 'facing' does not exist.
Parameter 'facing' does not exist.
Parameter 'facing' does not exist.
Parameter 'facing' does not exist.
Parameter 'facing' does not exist.
Parameter 'facing' does not exist.
Parameter 'facing' does not exist.
Parameter 'facing' does not exist.
Parameter 'facing' does not exist.
Parameter 'facing' does not exist.
Parameter 'facing' does not exist.
Parameter 'facing' does not exist.
Parameter 'facing' does not exist.
Parameter 'facing' does not exist.
Parameter 'facing' does not exist.
Parameter 'facing' does not exist.
Parameter 'facing' does not exist.
Parameter 'facing' does not exist.
Parameter 'facing' does not exist.
Parameter 'facing' does not exist.
Parameter 'facing' does not exist.
Parameter 'facing' does not exist.
Parameter 'facing' does not exist.
Parameter 'facing' does not exist.
Parameter 'facing' does not exist.
Parameter 'facing' does not exist.
Parameter 'facing' does not exist.
Parameter 'facing' does not exist.
Parameter 'facing' does not exist.
Parameter 'facing' does not exist.
Parameter 'facing' does not exist.
Parameter 'facing' does not exist.
Parameter 'facing' does not exist.
Parameter 'facing' does not exist.
Parameter 'facing' does not exist.
Parameter 'facing' does not exist.
Parameter 'facing' does not exist.
Parameter 'facing' does not exist.
Parameter 'facing' does not exist.
Parameter 'facing' does not exist.
Parameter 'facing' does not exist.
Parameter 'facing' does not exist.
Parameter 'facing' does not exist.
Parameter 'facing' does not exist.
Parameter 'facing' does not exist.
Parameter 'facing' does not exist.
Parameter 'facing' does not exist.
Parameter 'facing' does not exist.
Parameter 'facing' does not exist.
Parameter 'facing' does not exist.
Parameter 'facing' does not exist.
Parameter 'facing' does not exist.
Parameter 'facing' does not exist.
Parameter 'facing' does not exist.
Parameter 'facing' does not exist.
Parameter 'facing' does not exist.
Parameter 'facing' does not exist.
Parameter 'facing' does not exist.
Parameter 'facing' does not exist.
Parameter 'facing' does not exist.
Parameter 'facing' does not exist.
Parameter 'facing' does not exist.
Parameter 'facing' does not exist.
Parameter 'facing' does not exist.
Parameter 'facing' does not exist.
Parameter 'facing' does not exist.
Parameter 'facing' does not exist.
Parameter 'facing' does not exist.
Parameter 'facing' does not exist.
Parameter 'facing' does not exist.
Parameter 'facing' does not exist.
Parameter 'facing' does not exist.
Parameter 'facing' does not exist.
Parameter 'facing' does not exist.
Parameter 'facing' does not exist.
Parameter 'facing' does not exist.
Parameter 'facing' does not exist.
Parameter 'facing' does not exist.
Parameter 'facing' does not exist.
Parameter 'facing' does not exist.
Parameter 'facing' does not exist.
Parameter 'facing' does not exist.
Parameter 'facing' does not exist.
Parameter 'facing' does not exist.
Parameter 'facing' does not exist.
Parameter 'facing' does not exist.
Parameter 'facing' does not exist.
Parameter 'facing' does not exist.
Parameter 'facing' does not exist.
Parameter 'facing' does not exist.
Parameter 'facing' does not exist.
Parameter 'facing' does not exist.
Parameter 'facing' does not exist.
Parameter 'facing' does not exist.
Parameter 'facing' does not exist.
Parameter 'facing' does not exist.
Parameter 'facing' does not exist.
Parameter 'facing' does not exist.
Parameter 'facing' does not exist.
Parameter 'facing' does not exist.
Parameter 'facing' does not exist.
Parameter 'facing' does not exist.
Parameter 'facing' does not exist.
Parameter 'facing' does not exist.
Parameter 'facing' does not exist.
Parameter 'facing' does not exist.
Parameter 'facing' does not exist.
Parameter 'facing' does not exist.
Parameter 'facing' does not exist.
Parameter 'facing' does not exist.
Parameter 'facing' does not exist.
Parameter 'facing' does not exist.
Parameter 'facing' does not exist.
Parameter 'facing' does not exist.
Parameter 'facing' does not exist.
Parameter 'facing' does not exist.
Parameter 'facing' does not exist.
Parameter 'facing' does not exist.
Parameter 'facing' does not exist.
Parameter 'facing' does not exist.
Parameter 'facing' does not exist.
Parameter 'facing' does not exist.
Parameter 'facing' does not exist.
Parameter 'facing' does not exist.
Parameter 'facing' does not exist.
Parameter 'facing' does not exist.
Parameter 'facing' does not exist.
Parameter 'facing' does not exist.
Parameter 'facing' does not exist.
Parameter 'facing' does not exist.
Parameter 'facing' does not exist.
Parameter 'facing' does not exist.
Parameter 'facing' does not exist.
Parameter 'facing' does not exist.
Parameter 'facing' does not exist.
Parameter 'facing' does not exist.
Parameter 'facing' does not exist.
Parameter 'facing' does not exist.
Parameter 'facing' does not exist.
Parameter 'facing' does not exist.
Parameter 'facing' does not exist.
Parameter 'facing' does not exist.
Parameter 'facing' does not exist.
Parameter 'facing' does not exist.
Parameter 'facing' does not exist.
Parameter 'facing' does not exist.
Parameter 'facing' does not exist.
Parameter 'facing' does not exist.
Parameter 'facing' does not exist.
Parameter 'facing' does not exist.
Parameter 'facing' does not exist.
Parameter 'facing' does not exist.
Parameter 'facing' does not exist.
Parameter 'facing' does not exist.
Parameter 'facing' does not exist.
Parameter 'facing' does not exist.
Parameter 'facing' does not exist.
Parameter 'facing' does not exist.
Parameter 'facing' does not exist.
Parameter 'facing' does not exist.
Parameter 'facing' does not exist.
Parameter 'facing' does not exist.
Parameter 'facing' does not exist.
Parameter 'facing' does not exist.
Parameter 'facing' does not exist.
Parameter 'facing' does not exist.
Parameter 'facing' does not exist.
Parameter 'facing' does not exist.
Parameter 'facing' does not exist.
Parameter 'facing' does not exist.
Parameter 'facing' does not exist.
Parameter 'facing' does not exist.
Parameter 'facing' does not exist.
Parameter 'facing' does not exist.
Parameter 'facing' does not exist.
Parameter 'facing' does not exist.
Parameter 'facing' does not exist.
Parameter 'facing' does not exist.
Parameter 'facing' does not exist.
Parameter 'facing' does not exist.
Parameter 'facing' does not exist.
Parameter 'facing' does not exist.
Parameter 'facing' does not exist.
Parameter 'facing' does not exist.
Parameter 'facing' does not exist.
Parameter 'facing' does not exist.
Parameter 'facing' does not exist.
Parameter 'facing' does not exist.
Parameter 'facing' does not exist.
Parameter 'facing' does not exist.
Parameter 'facing' does not exist.
Parameter 'facing' does not exist.
Parameter 'facing' does not exist.
Parameter 'facing' does not exist.
Parameter 'facing' does not exist.
Parameter 'facing' does not exist.
Parameter 'facing' does not exist.
Parameter 'facing' does not exist.
Parameter 'facing' does not exist.
Parameter 'facing' does not exist.
Parameter 'facing' does not exist.
Parameter 'facing' does not exist.
Parameter 'facing' does not exist.
Parameter 'facing' does not exist.
Parameter 'facing' does not exist.
Parameter 'facing' does not exist.
Parameter 'facing' does not exist.
Parameter 'facing' does not exist.
Parameter 'facing' does not exist.
Parameter 'facing' does not exist.
Parameter 'facing' does not exist.
Parameter 'facing' does not exist.
Parameter 'facing' does not exist.
Parameter 'facing' does not exist.
Parameter 'facing' does not exist.
Parameter 'facing' does not exist.
Parameter 'facing' does not exist.
Parameter 'facing' does not exist.
Parameter 'facing' does not exist.
Parameter 'facing' does not exist.
Parameter 'facing' does not exist.
Parameter 'facing' does not exist.
Parameter 'facing' does not exist.
Parameter 'facing' does not exist.
Parameter 'facing' does not exist.
Parameter 'facing' does not exist.
Parameter 'facing' does not exist.
Parameter 'facing' does not exist.
Parameter 'facing' does not exist.
Parameter 'facing' does not exist.
Parameter 'facing' does not exist.
Parameter 'facing' does not exist.
Parameter 'facing' does not exist.
Parameter 'facing' does not exist.
Parameter 'facing' does not exist.
Parameter 'facing' does not exist.
Parameter 'facing' does not exist.
Parameter 'facing' does not exist.
Parameter 'facing' does not exist.
Parameter 'facing' does not exist.
Parameter 'facing' does not exist.
Parameter 'facing' does not exist.
Parameter 'facing' does not exist.
Parameter 'facing' does not exist.
Parameter 'facing' does not exist.
Parameter 'facing' does not exist.
Parameter 'facing' does not exist.
Parameter 'facing' does not exist.
Parameter 'facing' does not exist.
Parameter 'facing' does not exist.
Parameter 'facing' does not exist.
Parameter 'facing' does not exist.
Parameter 'facing' does not exist.
Parameter 'facing' does not exist.
Parameter 'facing' does not exist.
Parameter 'facing' does not exist.
Parameter 'facing' does not exist.
Parameter 'facing' does not exist.
Parameter 'facing' does not exist.
Parameter 'facing' does not exist.
Parameter 'facing' does not exist.
Parameter 'facing' does not exist.
Parameter 'facing' does not exist.
Parameter 'facing' does not exist.
Parameter 'facing' does not exist.
Parameter 'facing' does not exist.
Parameter 'facing' does not exist.
Parameter 'facing' does not exist.
Parameter 'facing' does not exist.
Parameter 'facing' does not exist.
Parameter 'facing' does not exist.
Parameter 'facing' does not exist.
Parameter 'facing' does not exist.
Parameter 'facing' does not exist.
Parameter 'facing' does not exist.
Parameter 'facing' does not exist.
Parameter 'facing' does not exist.
Parameter 'facing' does not exist.
Parameter 'facing' does not exist.
Parameter 'facing' does not exist.
Parameter 'facing' does not exist.
Parameter 'facing' does not exist.
Parameter 'facing' does not exist.
Parameter 'facing' does not exist.
Parameter 'facing' does not exist.
Parameter 'facing' does not exist.
Parameter 'facing' does not exist.
Parameter 'facing' does not exist.
Parameter 'facing' does not exist.
Parameter 'facing' does not exist.
Parameter 'facing' does not exist.
Parameter 'facing' does not exist.
Parameter 'facing' does not exist.
Parameter 'facing' does not exist.
Parameter 'facing' does not exist.
Parameter 'facing' does not exist.
Parameter 'facing' does not exist.
Parameter 'facing' does not exist.
Parameter 'facing' does not exist.
Parameter 'facing' does not exist.
Parameter 'facing' does not exist.
Parameter 'facing' does not exist.
Parameter 'facing' does not exist.
Parameter 'facing' does not exist.
Parameter 'facing' does not exist.
Parameter 'facing' does not exist.
Parameter 'facing' does not exist.
Parameter 'facing' does not exist.
Parameter 'facing' does not exist.
Parameter 'facing' does not exist.
Parameter 'facing' does not exist.
Parameter 'facing' does not exist.
Parameter 'facing' does not exist.
Parameter 'facing' does not exist.
Parameter 'facing' does not exist.
Parameter 'facing' does not exist.
Parameter 'facing' does not exist.
Parameter 'facing' does not exist.
Parameter 'facing' does not exist.
Parameter 'facing' does not exist.
Parameter 'facing' does not exist.
Parameter 'facing' does not exist.
Parameter 'facing' does not exist.
Parameter 'facing' does not exist.
Parameter 'facing' does not exist.
Parameter 'facing' does not exist.
Parameter 'facing' does not exist.
Parameter 'facing' does not exist.
Parameter 'facing' does not exist.
Parameter 'facing' does not exist.
Parameter 'facing' does not exist.
Parameter 'facing' does not exist.
Parameter 'facing' does not exist.
Parameter 'facing' does not exist.
Parameter 'facing' does not exist.
Parameter 'facing' does not exist.
Parameter 'facing' does not exist.
Parameter 'facing' does not exist.
Parameter 'facing' does not exist.
Parameter 'facing' does not exist.
Parameter 'facing' does not exist.
Parameter 'facing' does not exist.
Parameter 'facing' does not exist.
Parameter 'facing' does not exist.
Parameter 'facing' does not exist.
Parameter 'facing' does not exist.
Parameter 'facing' does not exist.
Parameter 'facing' does not exist.
Parameter 'facing' does not exist.
Parameter 'facing' does not exist.
Parameter 'facing' does not exist.
Parameter 'facing' does not exist.
Parameter 'facing' does not exist.
Parameter 'facing' does not exist.
Parameter 'facing' does not exist.
Parameter 'facing' does not exist.
Parameter 'facing' does not exist.
Parameter 'facing' does not exist.
Parameter 'facing' does not exist.
Parameter 'facing' does not exist.
Parameter 'facing' does not exist.
Parameter 'facing' does not exist.
Parameter 'facing' does not exist.
Parameter 'facing' does not exist.
Parameter 'facing' does not exist.
Parameter 'facing' does not exist.
Parameter 'facing' does not exist.
Parameter 'facing' does not exist.
Parameter 'facing' does not exist.
Parameter 'facing' does not exist.
Parameter 'facing' does not exist.
Parameter 'facing' does not exist.
Parameter 'facing' does not exist.
Parameter 'facing' does not exist.
Parameter 'facing' does not exist.
Parameter 'facing' does not exist.
Parameter 'facing' does not exist.
Parameter 'facing' does not exist.
Parameter 'facing' does not exist.
Parameter 'facing' does not exist.
Parameter 'facing' does not exist.
Parameter 'facing' does not exist.
Parameter 'facing' does not exist.
Parameter 'facing' does not exist.
Parameter 'facing' does not exist.
Parameter 'facing' does not exist.
Parameter 'facing' does not exist.
Parameter 'facing' does not exist.
Parameter 'facing' does not exist.
Parameter 'facing' does not exist.
Parameter 'facing' does not exist.
Parameter 'facing' does not exist.
Parameter 'facing' does not exist.
Parameter 'facing' does not exist.
Parameter 'facing' does not exist.
Parameter 'facing' does not exist.
Parameter 'facing' does not exist.
Parameter 'facing' does not exist.
Parameter 'facing' does not exist.
Parameter 'facing' does not exist.
Parameter 'facing' does not exist.
Parameter 'facing' does not exist.
Parameter 'facing' does not exist.
Parameter 'facing' does not exist.
Parameter 'facing' does not exist.
Parameter 'facing' does not exist.
Parameter 'facing' does not exist.
Parameter 'facing' does not exist.
Parameter 'facing' does not exist.
Parameter 'facing' does not exist.
Parameter 'facing' does not exist.
Parameter 'facing' does not exist.
Parameter 'facing' does not exist.
Parameter 'facing' does not exist.
Parameter 'facing' does not exist.
Parameter 'facing' does not exist.
Parameter 'facing' does not exist.
Parameter 'facing' does not exist.
Parameter 'facing' does not exist.
Parameter 'facing' does not exist.
Parameter 'facing' does not exist.
Parameter 'facing' does not exist.
Parameter 'facing' does not exist.
Parameter 'facing' does not exist.
Parameter 'facing' does not exist.
Parameter 'facing' does not exist.
Parameter 'facing' does not exist.
Parameter 'facing' does not exist.
Parameter 'facing' does not exist.
Parameter 'facing' does not exist.
Parameter 'facing' does not exist.
Parameter 'facing' does not exist.
Parameter 'facing' does not exist.
Parameter 'facing' does not exist.
Parameter 'facing' does not exist.
Parameter 'facing' does not exist.
Parameter 'facing' does not exist.
Parameter 'facing' does not exist.
Parameter 'facing' does not exist.
Parameter 'facing' does not exist.
Parameter 'facing' does not exist.
Parameter 'facing' does not exist.
Parameter 'facing' does not exist.
Parameter 'facing' does not exist.
Parameter 'facing' does not exist.
Parameter 'facing' does not exist.
Parameter 'facing' does not exist.
Parameter 'facing' does not exist.
Parameter 'facing' does not exist.
Parameter 'facing' does not exist.
Parameter 'facing' does not exist.
Parameter 'facing' does not exist.
Parameter 'facing' does not exist.
Parameter 'facing' does not exist.
Parameter 'facing' does not exist.
Parameter 'facing' does not exist.
Parameter 'facing' does not exist.
Parameter 'facing' does not exist.
Parameter 'facing' does not exist.
Parameter 'facing' does not exist.
Parameter 'facing' does not exist.
Parameter 'facing' does not exist.
Parameter 'facing' does not exist.
Parameter 'facing' does not exist.
Parameter 'facing' does not exist.
Parameter 'facing' does not exist.
Parameter 'facing' does not exist.
Parameter 'facing' does not exist.
Parameter 'facing' does not exist.
Parameter 'facing' does not exist.
Parameter 'facing' does not exist.
Parameter 'facing' does not exist.
Parameter 'facing' does not exist.
Parameter 'facing' does not exist.
Parameter 'facing' does not exist.
Parameter 'facing' does not exist.
Parameter 'facing' does not exist.
Parameter 'facing' does not exist.
Parameter 'facing' does not exist.
Parameter 'facing' does not exist.
Parameter 'facing' does not exist.
Parameter 'facing' does not exist.
Parameter 'facing' does not exist.
Parameter 'facing' does not exist.
Parameter 'facing' does not exist.
Parameter 'facing' does not exist.
Parameter 'facing' does not exist.
Parameter 'facing' does not exist.
Parameter 'facing' does not exist.
Parameter 'facing' does not exist.
Parameter 'facing' does not exist.
Parameter 'facing' does not exist.
Parameter 'facing' does not exist.
Parameter 'facing' does not exist.
Parameter 'facing' does not exist.
Parameter 'facing' does not exist.
Parameter 'facing' does not exist.
Parameter 'facing' does not exist.
Parameter 'facing' does not exist.
Parameter 'facing' does not exist.
Parameter 'facing' does not exist.
Parameter 'facing' does not exist.
Parameter 'facing' does not exist.
Parameter 'facing' does not exist.
Parameter 'facing' does not exist.
Parameter 'facing' does not exist.
Parameter 'facing' does not exist.
Parameter 'facing' does not exist.
Parameter 'facing' does not exist.
Parameter 'facing' does not exist.
Parameter 'facing' does not exist.
Parameter 'facing' does not exist.
Parameter 'facing' does not exist.
Parameter 'facing' does not exist.
Parameter 'facing' does not exist.
Parameter 'facing' does not exist.
Parameter 'facing' does not exist.
Parameter 'facing' does not exist.
Parameter 'facing' does not exist.
Parameter 'facing' does not exist.
Parameter 'facing' does not exist.
Parameter 'facing' does not exist.
Parameter 'facing' does not exist.
Parameter 'facing' does not exist.
Parameter 'facing' does not exist.
Parameter 'facing' does not exist.
Parameter 'facing' does not exist.
Parameter 'facing' does not exist.
Parameter 'facing' does not exist.
Parameter 'facing' does not exist.
Parameter 'facing' does not exist.
Parameter 'facing' does not exist.
Parameter 'facing' does not exist.
Parameter 'facing' does not exist.
Parameter 'facing' does not exist.
Parameter 'facing' does not exist.
Parameter 'facing' does not exist.
Parameter 'facing' does not exist.
Parameter 'facing' does not exist.
Parameter 'facing' does not exist.
Parameter 'facing' does not exist.
Parameter 'facing' does not exist.
Parameter 'facing' does not exist.
Parameter 'facing' does not exist.
Parameter 'facing' does not exist.
Parameter 'facing' does not exist.
Parameter 'facing' does not exist.
Parameter 'facing' does not exist.
Parameter 'facing' does not exist.
Parameter 'facing' does not exist.
Parameter 'facing' does not exist.
Parameter 'facing' does not exist.
Parameter 'facing' does not exist.
Parameter 'facing' does not exist.
Parameter 'facing' does not exist.
Parameter 'facing' does not exist.
Parameter 'facing' does not exist.
Parameter 'facing' does not exist.
Parameter 'facing' does not exist.
Parameter 'facing' does not exist.
Parameter 'facing' does not exist.
Parameter 'facing' does not exist.
Parameter 'facing' does not exist.
Parameter 'facing' does not exist.
Parameter 'facing' does not exist.
Parameter 'facing' does not exist.
Parameter 'facing' does not exist.
Parameter 'facing' does not exist.
Parameter 'facing' does not exist.
Parameter 'facing' does not exist.
Parameter 'facing' does not exist.
Parameter 'facing' does not exist.
Parameter 'facing' does not exist.
Parameter 'facing' does not exist.
Parameter 'facing' does not exist.
Parameter 'facing' does not exist.
Parameter 'facing' does not exist.
Parameter 'facing' does not exist.
Parameter 'facing' does not exist.
Parameter 'facing' does not exist.
Parameter 'facing' does not exist.
Parameter 'facing' does not exist.
Parameter 'facing' does not exist.
Parameter 'facing' does not exist.
Parameter 'facing' does not exist.
Parameter 'facing' does not exist.
Parameter 'facing' does not exist.
Parameter 'facing' does not exist.
Parameter 'facing' does not exist.
Parameter 'facing' does not exist.
Parameter 'facing' does not exist.
Parameter 'facing' does not exist.
Parameter 'facing' does not exist.
Parameter 'facing' does not exist.
Parameter 'facing' does not exist.
Parameter 'facing' does not exist.
Parameter 'facing' does not exist.
Parameter 'facing' does not exist.
Parameter 'facing' does not exist.
Parameter 'facing' does not exist.
Parameter 'facing' does not exist.
Parameter 'facing' does not exist.
Parameter 'facing' does not exist.
Parameter 'facing' does not exist.
Parameter 'facing' does not exist.
Parameter 'facing' does not exist.
Parameter 'facing' does not exist.
Parameter 'facing' does not exist.
Parameter 'facing' does not exist.
Parameter 'facing' does not exist.
Parameter 'facing' does not exist.
Parameter 'facing' does not exist.
Parameter 'facing' does not exist.
Parameter 'facing' does not exist.
Parameter 'facing' does not exist.
Parameter 'facing' does not exist.
Parameter 'facing' does not exist.
Parameter 'facing' does not exist.
Parameter 'facing' does not exist.
Parameter 'facing' does not exist.
Parameter 'facing' does not exist.
Parameter 'facing' does not exist.
Parameter 'facing' does not exist.
Parameter 'facing' does not exist.
Parameter 'facing' does not exist.
Parameter 'facing' does not exist.
Parameter 'facing' does not exist.
Parameter 'facing' does not exist.
Parameter 'facing' does not exist.
Parameter 'facing' does not exist.
Parameter 'facing' does not exist.
Parameter 'facing' does not exist.
Parameter 'facing' does not exist.
Parameter 'facing' does not exist.
Parameter 'facing' does not exist.
Parameter 'facing' does not exist.
Parameter 'facing' does not exist.
Parameter 'facing' does not exist.
Parameter 'facing' does not exist.
Parameter 'facing' does not exist.
Parameter 'facing' does not exist.
Parameter 'facing' does not exist.
Parameter 'facing' does not exist.
Parameter 'facing' does not exist.
Parameter 'facing' does not exist.
Parameter 'facing' does not exist.
Parameter 'facing' does not exist.
Parameter 'facing' does not exist.
Parameter 'facing' does not exist.
Parameter 'facing' does not exist.
Parameter 'facing' does not exist.
Parameter 'facing' does not exist.
Parameter 'facing' does not exist.
Parameter 'facing' does not exist.
Parameter 'facing' does not exist.
Parameter 'facing' does not exist.
Parameter 'facing' does not exist.
Parameter 'facing' does not exist.
Parameter 'facing' does not exist.
Parameter 'facing' does not exist.
Parameter 'facing' does not exist.
Parameter 'facing' does not exist.
Parameter 'facing' does not exist.
Parameter 'facing' does not exist.
Parameter 'facing' does not exist.
Parameter 'facing' does not exist.
Parameter 'facing' does not exist.
Parameter 'facing' does not exist.
Parameter 'facing' does not exist.
Parameter 'facing' does not exist.
Parameter 'facing' does not exist.
Parameter 'facing' does not exist.
Parameter 'facing' does not exist.
Parameter 'facing' does not exist.
Parameter 'facing' does not exist.
Parameter 'facing' does not exist.
Parameter 'facing' does not exist.
Parameter 'facing' does not exist.
Parameter 'facing' does not exist.
Parameter 'facing' does not exist.
Parameter 'facing' does not exist.
Parameter 'facing' does not exist.
Parameter 'facing' does not exist.
Parameter 'facing' does not exist.
Parameter 'facing' does not exist.
Parameter 'facing' does not exist.
Parameter 'facing' does not exist.
Parameter 'facing' does not exist.
Parameter 'facing' does not exist.
Parameter 'facing' does not exist.
Parameter 'facing' does not exist.
Parameter 'facing' does not exist.
Parameter 'facing' does not exist.
Parameter 'facing' does not exist.
Parameter 'facing' does not exist.
Parameter 'facing' does not exist.
Parameter 'facing' does not exist.
Parameter 'facing' does not exist.
Parameter 'facing' does not exist.
Parameter 'facing' does not exist.
Parameter 'facing' does not exist.
Parameter 'facing' does not exist.
Parameter 'facing' does not exist.
Parameter 'facing' does not exist.
Parameter 'facing' does not exist.
Parameter 'facing' does not exist.
Parameter 'facing' does not exist.
Parameter 'facing' does not exist.
Parameter 'facing' does not exist.
Parameter 'facing' does not exist.
Parameter 'facing' does not exist.
Parameter 'facing' does not exist.
Parameter 'facing' does not exist.
Parameter 'facing' does not exist.
Parameter 'facing' does not exist.
Parameter 'facing' does not exist.
Parameter 'facing' does not exist.
Parameter 'facing' does not exist.
Parameter 'facing' does not exist.
Parameter 'facing' does not exist.
Parameter 'facing' does not exist.
Parameter 'facing' does not exist.
Parameter 'facing' does not exist.
Parameter 'facing' does not exist.
Parameter 'facing' does not exist.
Parameter 'facing' does not exist.
Parameter 'facing' does not exist.
Parameter 'facing' does not exist.
Parameter 'facing' does not exist.
Parameter 'facing' does not exist.
Parameter 'facing' does not exist.
Parameter 'facing' does not exist.
Parameter 'facing' does not exist.
Parameter 'facing' does not exist.
Parameter 'facing' does not exist.
Parameter 'facing' does not exist.
Parameter 'facing' does not exist.
Parameter 'facing' does not exist.
Parameter 'facing' does not exist.
Parameter 'facing' does not exist.
Parameter 'facing' does not exist.
Parameter 'facing' does not exist.
Parameter 'facing' does not exist.
Parameter 'facing' does not exist.
Parameter 'facing' does not exist.
Parameter 'facing' does not exist.
Parameter 'facing' does not exist.
Parameter 'facing' does not exist.
Parameter 'facing' does not exist.
Parameter 'facing' does not exist.
Parameter 'facing' does not exist.
Parameter 'facing' does not exist.
Parameter 'facing' does not exist.
Parameter 'facing' does not exist.
Parameter 'facing' does not exist.
Parameter 'facing' does not exist.
Parameter 'facing' does not exist.
Parameter 'facing' does not exist.
Parameter 'facing' does not exist.
Parameter 'facing' does not exist.
Parameter 'facing' does not exist.
Parameter 'facing' does not exist.
Parameter 'facing' does not exist.
Parameter 'facing' does not exist.
Parameter 'facing' does not exist.
Parameter 'facing' does not exist.
Parameter 'facing' does not exist.
Parameter 'facing' does not exist.
Parameter 'facing' does not exist.
Parameter 'facing' does not exist.
Parameter 'facing' does not exist.
Parameter 'facing' does not exist.
Parameter 'facing' does not exist.
Parameter 'facing' does not exist.
Parameter 'facing' does not exist.
Parameter 'facing' does not exist.
Parameter 'facing' does not exist.
Parameter 'facing' does not exist.
Parameter 'facing' does not exist.
Parameter 'facing' does not exist.
Parameter 'facing' does not exist.
Parameter 'facing' does not exist.
Parameter 'facing' does not exist.
Parameter 'facing' does not exist.
Parameter 'facing' does not exist.
Parameter 'facing' does not exist.
Parameter 'facing' does not exist.
Parameter 'facing' does not exist.
Parameter 'facing' does not exist.
Parameter 'facing' does not exist.
Parameter 'facing' does not exist.
Parameter 'facing' does not exist.
Parameter 'facing' does not exist.
Parameter 'facing' does not exist.
Parameter 'facing' does not exist.
Parameter 'facing' does not exist.
Parameter 'facing' does not exist.
Parameter 'facing' does not exist.
Parameter 'facing' does not exist.
Parameter 'facing' does not exist.
Parameter 'facing' does not exist.
Parameter 'facing' does not exist.
Parameter 'facing' does not exist.
Parameter 'facing' does not exist.
Parameter 'facing' does not exist.
Parameter 'facing' does not exist.
Parameter 'facing' does not exist.
Parameter 'facing' does not exist.
Parameter 'facing' does not exist.
Parameter 'facing' does not exist.
Parameter 'facing' does not exist.
Parameter 'facing' does not exist.
Parameter 'facing' does not exist.
Parameter 'facing' does not exist.
Parameter 'facing' does not exist.
Parameter 'facing' does not exist.
Parameter 'facing' does not exist.
Parameter 'facing' does not exist.
Parameter 'facing' does not exist.
Parameter 'facing' does not exist.
Parameter 'facing' does not exist.
Parameter 'facing' does not exist.
Parameter 'facing' does not exist.
Parameter 'facing' does not exist.
Parameter 'facing' does not exist.
Parameter 'facing' does not exist.
Parameter 'facing' does not exist.
Parameter 'facing' does not exist.
Parameter 'facing' does not exist.
Parameter 'facing' does not exist.
Parameter 'facing' does not exist.
Parameter 'facing' does not exist.
Parameter 'facing' does not exist.
Parameter 'facing' does not exist.
Parameter 'facing' does not exist.
Parameter 'facing' does not exist.
Parameter 'facing' does not exist.
Parameter 'facing' does not exist.
Parameter 'facing' does not exist.
Parameter 'facing' does not exist.
Parameter 'facing' does not exist.
Parameter 'facing' does not exist.
Parameter 'facing' does not exist.
Parameter 'facing' does not exist.
Parameter 'facing' does not exist.
Parameter 'facing' does not exist.
Parameter 'facing' does not exist.
Parameter 'facing' does not exist.
Parameter 'facing' does not exist.
Parameter 'facing' does not exist.
Parameter 'facing' does not exist.
Parameter 'facing' does not exist.
Parameter 'facing' does not exist.
Parameter 'facing' does not exist.
Parameter 'facing' does not exist.
Parameter 'facing' does not exist.
Parameter 'facing' does not exist.
Parameter 'facing' does not exist.
Parameter 'facing' does not exist.
Parameter 'facing' does not exist.
Parameter 'facing' does not exist.
Parameter 'facing' does not exist.
Parameter 'facing' does not exist.
Parameter 'facing' does not exist.
Parameter 'facing' does not exist.
Parameter 'facing' does not exist.
Parameter 'facing' does not exist.
Parameter 'facing' does not exist.
Parameter 'facing' does not exist.
Parameter 'facing' does not exist.
Parameter 'facing' does not exist.
Parameter 'facing' does not exist.
Parameter 'facing' does not exist.
Parameter 'facing' does not exist.
Parameter 'facing' does not exist.
Parameter 'facing' does not exist.
Parameter 'facing' does not exist.
Parameter 'facing' does not exist.
Parameter 'facing' does not exist.
Parameter 'facing' does not exist.
Parameter 'facing' does not exist.
Parameter 'facing' does not exist.
Parameter 'facing' does not exist.
Parameter 'facing' does not exist.
Parameter 'facing' does not exist.
Parameter 'facing' does not exist.
Parameter 'facing' does not exist.
Parameter 'facing' does not exist.
Parameter 'facing' does not exist.
Parameter 'facing' does not exist.
Parameter 'facing' does not exist.
Parameter 'facing' does not exist.
Parameter 'facing' does not exist.
Parameter 'facing' does not exist.
Parameter 'facing' does not exist.
Parameter 'facing' does not exist.
Parameter 'facing' does not exist.
Parameter 'facing' does not exist.
Parameter 'facing' does not exist.
Parameter 'facing' does not exist.
Parameter 'facing' does not exist.
Parameter 'facing' does not exist.
Parameter 'facing' does not exist.
Parameter 'facing' does not exist.
Parameter 'facing' does not exist.
Parameter 'facing' does not exist.
Parameter 'facing' does not exist.
Parameter 'facing' does not exist.
Parameter 'facing' does not exist.
Parameter 'facing' does not exist.
Parameter 'facing' does not exist.
Parameter 'facing' does not exist.
Parameter 'facing' does not exist.
Parameter 'facing' does not exist.
Parameter 'facing' does not exist.
Parameter 'facing' does not exist.
Parameter 'facing' does not exist.
Parameter 'facing' does not exist.
Parameter 'facing' does not exist.
Parameter 'facing' does not exist.
Parameter 'facing' does not exist.
Parameter 'facing' does not exist.
Parameter 'facing' does not exist.
Parameter 'facing' does not exist.
Parameter 'facing' does not exist.
Parameter 'facing' does not exist.
Parameter 'facing' does not exist.
Parameter 'facing' does not exist.
Parameter 'facing' does not exist.
Parameter 'facing' does not exist.
Parameter 'facing' does not exist.
Parameter 'facing' does not exist.
Parameter 'facing' does not exist.
Parameter 'facing' does not exist.
Parameter 'facing' does not exist.
Parameter 'facing' does not exist.
Parameter 'facing' does not exist.
Parameter 'facing' does not exist.
Parameter 'facing' does not exist.
Parameter 'facing' does not exist.
Parameter 'facing' does not exist.
Parameter 'facing' does not exist.
Parameter 'facing' does not exist.
Parameter 'facing' does not exist.
Parameter 'facing' does not exist.
Parameter 'facing' does not exist.
Parameter 'facing' does not exist.
Parameter 'facing' does not exist.
Parameter 'facing' does not exist.
Parameter 'facing' does not exist.
Parameter 'facing' does not exist.
Parameter 'facing' does not exist.
Parameter 'facing' does not exist.
Parameter 'facing' does not exist.
Parameter 'facing' does not exist.
Parameter 'facing' does not exist.
Parameter 'facing' does not exist.
Parameter 'facing' does not exist.
Parameter 'facing' does not exist.
Parameter 'facing' does not exist.
Parameter 'facing' does not exist.
Parameter 'facing' does not exist.
Parameter 'facing' does not exist.
Parameter 'facing' does not exist.
Parameter 'facing' does not exist.
Parameter 'facing' does not exist.
Parameter 'facing' does not exist.
Parameter 'facing' does not exist.
Parameter 'facing' does not exist.
Parameter 'facing' does not exist.
Parameter 'facing' does not exist.
Parameter 'facing' does not exist.
Parameter 'facing' does not exist.
Parameter 'facing' does not exist.
Parameter 'facing' does not exist.
Parameter 'facing' does not exist.
Parameter 'facing' does not exist.
Parameter 'facing' does not exist.
Parameter 'facing' does not exist.
Parameter 'facing' does not exist.
Parameter 'facing' does not exist.
Parameter 'facing' does not exist.
Parameter 'facing' does not exist.
Parameter 'facing' does not exist.
Parameter 'facing' does not exist.
Parameter 'facing' does not exist.
Parameter 'facing' does not exist.
Parameter 'facing' does not exist.
Parameter 'facing' does not exist.
Parameter 'facing' does not exist.
Parameter 'facing' does not exist.
Parameter 'facing' does not exist.
Parameter 'facing' does not exist.
Parameter 'facing' does not exist.
Parameter 'facing' does not exist.
Parameter 'facing' does not exist.
Parameter 'facing' does not exist.
Parameter 'facing' does not exist.
Parameter 'facing' does not exist.
Parameter 'facing' does not exist.
Parameter 'facing' does not exist.
Parameter 'facing' does not exist.
Parameter 'facing' does not exist.
Parameter 'facing' does not exist.
Parameter 'facing' does not exist.
Parameter 'facing' does not exist.
Parameter 'facing' does not exist.
Parameter 'facing' does not exist.
Parameter 'facing' does not exist.
Parameter 'facing' does not exist.
Parameter 'facing' does not exist.
Parameter 'facing' does not exist.
Parameter 'facing' does not exist.
Parameter 'facing' does not exist.
Parameter 'facing' does not exist.
Parameter 'facing' does not exist.
Parameter 'facing' does not exist.
Parameter 'facing' does not exist.
Parameter 'facing' does not exist.
Parameter 'facing' does not exist.
Parameter 'facing' does not exist.
Parameter 'facing' does not exist.
Parameter 'facing' does not exist.
Parameter 'facing' does not exist.
Parameter 'facing' does not exist.
Parameter 'facing' does not exist.
Parameter 'facing' does not exist.
Parameter 'facing' does not exist.
Parameter 'facing' does not exist.
Parameter 'facing' does not exist.
Parameter 'facing' does not exist.
Parameter 'facing' does not exist.
Parameter 'facing' does not exist.
Parameter 'facing' does not exist.
Parameter 'facing' does not exist.
Parameter 'facing' does not exist.
Parameter 'facing' does not exist.
Parameter 'facing' does not exist.
Parameter 'facing' does not exist.
Parameter 'facing' does not exist.
Parameter 'facing' does not exist.
Parameter 'facing' does not exist.
Parameter 'facing' does not exist.
Parameter 'facing' does not exist.
Parameter 'facing' does not exist.
Parameter 'facing' does not exist.
Parameter 'facing' does not exist.
Parameter 'facing' does not exist.
Parameter 'facing' does not exist.
Parameter 'facing' does not exist.
Parameter 'facing' does not exist.
Parameter 'facing' does not exist.
Parameter 'facing' does not exist.
Parameter 'facing' does not exist.
Parameter 'facing' does not exist.
Parameter 'facing' does not exist.
Parameter 'facing' does not exist.
Parameter 'facing' does not exist.
Parameter 'facing' does not exist.
Parameter 'facing' does not exist.
Parameter 'facing' does not exist.
Parameter 'facing' does not exist.
Parameter 'facing' does not exist.
Parameter 'facing' does not exist.
Parameter 'facing' does not exist.
Parameter 'facing' does not exist.
Parameter 'facing' does not exist.
Parameter 'facing' does not exist.
Parameter 'facing' does not exist.
Parameter 'facing' does not exist.
Parameter 'facing' does not exist.
Parameter 'facing' does not exist.
Parameter 'facing' does not exist.
Parameter 'facing' does not exist.
Parameter 'facing' does not exist.
Parameter 'facing' does not exist.
Parameter 'facing' does not exist.
Parameter 'facing' does not exist.
Parameter 'facing' does not exist.
Parameter 'facing' does not exist.
Parameter 'facing' does not exist.
Parameter 'facing' does not exist.
Parameter 'facing' does not exist.
Parameter 'facing' does not exist.
Parameter 'facing' does not exist.
Parameter 'facing' does not exist.
Parameter 'facing' does not exist.
Parameter 'facing' does not exist.
[...]
Parameter 'facing' does not exist.
Parameter 'facing' does not exist.
Parameter 'facing' does not exist.
Parameter 'facing' does not exist.
Parameter 'facing' does not exist.
Parameter 'facing' does not exist.
Parameter 'facing' does not exist.
Parameter 'facing' does not exist.
Parameter 'facing' does not exist.
Parameter 'facing' does not exist.
Parameter 'facing' does not exist.
Parameter 'facing' does not exist.
Parameter 'facing' does not exist.
Parameter 'facing' does not exist.
Parameter 'facing' does not exist.
Parameter 'facing' does not exist.
Parameter 'facing' does not exist.
Parameter 'facing' does not exist.
Parameter 'facing' does not exist.
Parameter 'facing' does not exist.
Parameter 'facing' does not exist.
Parameter 'facing' does not exist.
Parameter 'facing' does not exist.
Parameter 'facing' does not exist.
Parameter 'facing' does not exist.
Parameter 'facing' does not exist.
Parameter 'facing' does not exist.
Parameter 'facing' does not exist.
Parameter 'facing' does not exist.
Parameter 'facing' does not exist.
Parameter 'facing' does not exist.
Parameter 'facing' does not exist.
Parameter 'facing' does not exist.
Parameter 'facing' does not exist.
Parameter 'facing' does not exist.
Parameter 'facing' does not exist.
Parameter 'facing' does not exist.
Parameter 'facing' does not exist.
Parameter 'facing' does not exist.
Parameter 'facing' does not exist.
Parameter 'facing' does not exist.
Parameter 'facing' does not exist.
Parameter 'facing' does not exist.
Parameter 'facing' does not exist.
Parameter 'facing' does not exist.
Parameter 'facing' does not exist.
Parameter 'facing' does not exist.
Parameter 'facing' does not exist.
Parameter 'facing' does not exist.
Parameter 'facing' does not exist.
Parameter 'facing' does not exist.
Parameter 'facing' does not exist.
Parameter 'facing' does not exist.
Parameter 'facing' does not exist.
Parameter 'facing' does not exist.
Parameter 'facing' does not exist.
Parameter 'facing' does not exist.
Parameter 'facing' does not exist.
Parameter 'facing' does not exist.
Parameter 'facing' does not exist.
Parameter 'facing' does not exist.
Parameter 'facing' does not exist.
Parameter 'facing' does not exist.
Parameter 'facing' does not exist.
Parameter 'facing' does not exist.
Parameter 'facing' does not exist.
Parameter 'facing' does not exist.
Parameter 'facing' does not exist.
Parameter 'facing' does not exist.
Parameter 'facing' does not exist.
Parameter 'facing' does not exist.
Parameter 'facing' does not exist.
Parameter 'facing' does not exist.
Parameter 'facing' does not exist.
Parameter 'facing' does not exist.
Parameter 'facing' does not exist.
Parameter 'facing' does not exist.
Parameter 'facing' does not exist.
Parameter 'facing' does not exist.
Parameter 'facing' does not exist.
Parameter 'facing' does not exist.
Parameter 'facing' does not exist.
Parameter 'facing' does not exist.
Parameter 'facing' does not exist.
Parameter 'facing' does not exist.
Parameter 'facing' does not exist.
Parameter 'facing' does not exist.
Parameter 'facing' does not exist.
Parameter 'facing' does not exist.
Parameter 'facing' does not exist.
Parameter 'facing' does not exist.
Parameter 'facing' does not exist.
Parameter 'facing' does not exist.
Parameter 'facing' does not exist.
Parameter 'facing' does not exist.
Parameter 'facing' does not exist.
Parameter 'facing' does not exist.
Parameter 'facing' does not exist.
Parameter 'facing' does not exist.
Parameter 'facing' does not exist.
Parameter 'facing' does not exist.
Parameter 'facing' does not exist.
Parameter 'facing' does not exist.
Parameter 'facing' does not exist.
Parameter 'facing' does not exist.
Parameter 'facing' does not exist.
Parameter 'facing' does not exist.
Parameter 'facing' does not exist.
Parameter 'facing' does not exist.
Parameter 'facing' does not exist.
Parameter 'facing' does not exist.
Parameter 'facing' does not exist.
Parameter 'facing' does not exist.
Parameter 'facing' does not exist.
Parameter 'facing' does not exist.
Parameter 'facing' does not exist.
Parameter 'facing' does not exist.
Parameter 'facing' does not exist.
Parameter 'facing' does not exist.
Parameter 'facing' does not exist.
Parameter 'facing' does not exist.
Parameter 'facing' does not exist.
Parameter 'facing' does not exist.
Parameter 'facing' does not exist.
Parameter 'facing' does not exist.
Parameter 'facing' does not exist.
Parameter 'facing' does not exist.
Parameter 'facing' does not exist.
Parameter 'facing' does not exist.
Parameter 'facing' does not exist.
Parameter 'facing' does not exist.
Parameter 'facing' does not exist.
Parameter 'facing' does not exist.
Parameter 'facing' does not exist.
Parameter 'facing' does not exist.
Parameter 'facing' does not exist.
Parameter 'facing' does not exist.
Parameter 'facing' does not exist.
Parameter 'facing' does not exist.
Parameter 'facing' does not exist.
Parameter 'facing' does not exist.
Parameter 'facing' does not exist.
Parameter 'facing' does not exist.
Parameter 'facing' does not exist.
Parameter 'facing' does not exist.
Parameter 'facing' does not exist.
Parameter 'facing' does not exist.
Parameter 'facing' does not exist.
Parameter 'facing' does not exist.
Parameter 'facing' does not exist.
Parameter 'facing' does not exist.
Parameter 'facing' does not exist.
Parameter 'facing' does not exist.
Parameter 'facing' does not exist.
Parameter 'facing' does not exist.
Parameter 'facing' does not exist.
Parameter 'facing' does not exist.
Parameter 'facing' does not exist.
Parameter 'facing' does not exist.
Parameter 'facing' does not exist.
Parameter 'facing' does not exist.
Parameter 'facing' does not exist.
Parameter 'facing' does not exist.
Parameter 'facing' does not exist.
Parameter 'facing' does not exist.
Parameter 'facing' does not exist.
Parameter 'facing' does not exist.
Parameter 'facing' does not exist.
Parameter 'facing' does not exist.
Parameter 'facing' does not exist.
Parameter 'facing' does not exist.
Parameter 'facing' does not exist.
Parameter 'facing' does not exist.
Parameter 'facing' does not exist.
Parameter 'facing' does not exist.
Parameter 'facing' does not exist.
Parameter 'facing' does not exist.
Parameter 'facing' does not exist.
Parameter 'facing' does not exist.
Parameter 'facing' does not exist.
Parameter 'facing' does not exist.
Parameter 'facing' does not exist.
Parameter 'facing' does not exist.
Parameter 'facing' does not exist.
Parameter 'facing' does not exist.
Parameter 'facing' does not exist.
Parameter 'facing' does not exist.
Parameter 'facing' does not exist.
Parameter 'facing' does not exist.
Parameter 'facing' does not exist.
Parameter 'facing' does not exist.
Parameter 'facing' does not exist.
Parameter 'facing' does not exist.
Parameter 'facing' does not exist.
Parameter 'facing' does not exist.
Parameter 'facing' does not exist.
Parameter 'facing' does not exist.
Parameter 'facing' does not exist.
Parameter 'facing' does not exist.
Parameter 'facing' does not exist.
Parameter 'facing' does not exist.
Parameter 'facing' does not exist.
Parameter 'facing' does not exist.
Parameter 'facing' does not exist.
Parameter 'facing' does not exist.
Parameter 'facing' does not exist.
Parameter 'facing' does not exist.
Parameter 'facing' does not exist.
Parameter 'facing' does not exist.
Parameter 'facing' does not exist.
Parameter 'facing' does not exist.
Parameter 'facing' does not exist.
Parameter 'facing' does not exist.
Parameter 'facing' does not exist.
Parameter 'facing' does not exist.
Parameter 'facing' does not exist.
Parameter 'facing' does not exist.
Parameter 'facing' does not exist.
Parameter 'facing' does not exist.
Parameter 'facing' does not exist.
Parameter 'facing' does not exist.
Parameter 'facing' does not exist.
Parameter 'facing' does not exist.
Parameter 'facing' does not exist.
Parameter 'facing' does not exist.
Parameter 'facing' does not exist.
Parameter 'facing' does not exist.
Parameter 'facing' does not exist.
Parameter 'facing' does not exist.
Parameter 'facing' does not exist.
Parameter 'facing' does not exist.
Parameter 'facing' does not exist.
Parameter 'facing' does not exist.
Parameter 'facing' does not exist.
Parameter 'facing' does not exist.
Parameter 'facing' does not exist.
Parameter 'facing' does not exist.
Parameter 'facing' does not exist.
Parameter 'facing' does not exist.
Parameter 'facing' does not exist.
Parameter 'facing' does not exist.
Parameter 'facing' does not exist.
Parameter 'facing' does not exist.
Parameter 'facing' does not exist.
Parameter 'facing' does not exist.
Parameter 'facing' does not exist.
Parameter 'facing' does not exist.
Parameter 'facing' does not exist.
Parameter 'facing' does not exist.
Parameter 'facing' does not exist.
Parameter 'facing' does not exist.
Parameter 'facing' does not exist.
Parameter 'facing' does not exist.
Parameter 'facing' does not exist.
Parameter 'facing' does not exist.
Parameter 'facing' does not exist.
Parameter 'facing' does not exist.
Parameter 'facing' does not exist.
Parameter 'facing' does not exist.
Parameter 'facing' does not exist.
Parameter 'facing' does not exist.
Parameter 'facing' does not exist.
Parameter 'facing' does not exist.
Parameter 'facing' does not exist.
Parameter 'facing' does not exist.
Parameter 'facing' does not exist.
Parameter 'facing' does not exist.
Parameter 'facing' does not exist.
Parameter 'facing' does not exist.
Parameter 'facing' does not exist.
Parameter 'facing' does not exist.
Parameter 'facing' does not exist.
Parameter 'facing' does not exist.
Parameter 'facing' does not exist.
Parameter 'facing' does not exist.
Parameter 'facing' does not exist.
Parameter 'facing' does not exist.
Parameter 'facing' does not exist.
Parameter 'facing' does not exist.
Parameter 'facing' does not exist.
Parameter 'facing' does not exist.
Parameter 'facing' does not exist.
Parameter 'facing' does not exist.
Parameter 'facing' does not exist.
Parameter 'facing' does not exist.
Parameter 'facing' does not exist.
Parameter 'facing' does not exist.
Parameter 'facing' does not exist.
Parameter 'facing' does not exist.
Parameter 'facing' does not exist.
Parameter 'facing' does not exist.
Parameter 'facing' does not exist.
Parameter 'facing' does not exist.
Parameter 'facing' does not exist.
Parameter 'facing' does not exist.
Parameter 'facing' does not exist.
Parameter 'facing' does not exist.
Parameter 'facing' does not exist.
Parameter 'facing' does not exist.
Parameter 'facing' does not exist.
Parameter 'facing' does not exist.
Parameter 'facing' does not exist.
Parameter 'facing' does not exist.
Parameter 'facing' does not exist.
Parameter 'facing' does not exist.
Parameter 'facing' does not exist.
Parameter 'facing' does not exist.
Parameter 'facing' does not exist.
Parameter 'facing' does not exist.
Parameter 'facing' does not exist.
Parameter 'facing' does not exist.
Parameter 'facing' does not exist.
Parameter 'facing' does not exist.
Parameter 'facing' does not exist.
Parameter 'facing' does not exist.
Parameter 'facing' does not exist.
Parameter 'facing' does not exist.
Parameter 'facing' does not exist.
Parameter 'facing' does not exist.
Parameter 'facing' does not exist.
Parameter 'facing' does not exist.
Parameter 'facing' does not exist.
Parameter 'facing' does not exist.
Parameter 'facing' does not exist.
Parameter 'facing' does not exist.
Parameter 'facing' does not exist.
Parameter 'facing' does not exist.
Parameter 'facing' does not exist.
Parameter 'facing' does not exist.
Parameter 'facing' does not exist.
Parameter 'facing' does not exist.
Parameter 'facing' does not exist.
Parameter 'facing' does not exist.
Parameter 'facing' does not exist.
Parameter 'facing' does not exist.
Parameter 'facing' does not exist.
Parameter 'facing' does not exist.
Parameter 'facing' does not exist.
Parameter 'facing' does not exist.
Parameter 'facing' does not exist.
Parameter 'facing' does not exist.
Parameter 'facing' does not exist.
Parameter 'facing' does not exist.
Parameter 'facing' does not exist.
Parameter 'facing' does not exist.
Parameter 'facing' does not exist.
Parameter 'facing' does not exist.
Parameter 'facing' does not exist.
Parameter 'facing' does not exist.
Parameter 'facing' does not exist.
Parameter 'facing' does not exist.
Parameter 'facing' does not exist.
Parameter 'facing' does not exist.
Parameter 'facing' does not exist.
Parameter 'facing' does not exist.
Parameter 'facing' does not exist.
Parameter 'facing' does not exist.
Parameter 'facing' does not exist.
Parameter 'facing' does not exist.
Parameter 'facing' does not exist.
Parameter 'facing' does not exist.
Parameter 'facing' does not exist.
Parameter 'facing' does not exist.
Parameter 'facing' does not exist.
Parameter 'facing' does not exist.
Parameter 'facing' does not exist.
Parameter 'facing' does not exist.
Parameter 'facing' does not exist.
Parameter 'facing' does not exist.
Parameter 'facing' does not exist.
Parameter 'facing' does not exist.
Parameter 'facing' does not exist.
Parameter 'facing' does not exist.
Parameter 'facing' does not exist.
Parameter 'facing' does not exist.
Parameter 'facing' does not exist.
Parameter 'facing' does not exist.
Parameter 'facing' does not exist.
Parameter 'facing' does not exist.
Parameter 'facing' does not exist.
Parameter 'facing' does not exist.
Parameter 'facing' does not exist.
Parameter 'facing' does not exist.
Parameter 'facing' does not exist.
Parameter 'facing' does not exist.
Parameter 'facing' does not exist.
Parameter 'facing' does not exist.
Parameter 'facing' does not exist.
Parameter 'facing' does not exist.
Parameter 'facing' does not exist.
Parameter 'facing' does not exist.
Parameter 'facing' does not exist.
Parameter 'facing' does not exist.
Parameter 'facing' does not exist.
Parameter 'facing' does not exist.
Parameter 'facing' does not exist.
Parameter 'facing' does not exist.
Parameter 'facing' does not exist.
Parameter 'facing' does not exist.
Parameter 'facing' does not exist.
Parameter 'facing' does not exist.
Parameter 'facing' does not exist.
Parameter 'facing' does not exist.
Parameter 'facing' does not exist.
Parameter 'facing' does not exist.
Parameter 'facing' does not exist.
Parameter 'facing' does not exist.
Parameter 'facing' does not exist.
Parameter 'facing' does not exist.
Parameter 'facing' does not exist.
Parameter 'facing' does not exist.
Parameter 'facing' does not exist.
Parameter 'facing' does not exist.
Parameter 'facing' does not exist.
Parameter 'facing' does not exist.
Parameter 'facing' does not exist.
Parameter 'facing' does not exist.
Parameter 'facing' does not exist.
Parameter 'facing' does not exist.
Parameter 'facing' does not exist.
Parameter 'facing' does not exist.
Parameter 'facing' does not exist.
Parameter 'facing' does not exist.
Parameter 'facing' does not exist.
Parameter 'facing' does not exist.
Parameter 'facing' does not exist.
Parameter 'facing' does not exist.
Parameter 'facing' does not exist.
Parameter 'facing' does not exist.
Parameter 'facing' does not exist.
Parameter 'facing' does not exist.
Parameter 'facing' does not exist.
Parameter 'facing' does not exist.
Parameter 'facing' does not exist.
Parameter 'facing' does not exist.
Parameter 'facing' does not exist.
Parameter 'facing' does not exist.
Parameter 'facing' does not exist.
Parameter 'facing' does not exist.
Parameter 'facing' does not exist.
Parameter 'facing' does not exist.
Parameter 'facing' does not exist.
Parameter 'facing' does not exist.
Parameter 'facing' does not exist.
Parameter 'facing' does not exist.
Parameter 'facing' does not exist.
Parameter 'facing' does not exist.
Parameter 'facing' does not exist.
Parameter 'facing' does not exist.
Parameter 'facing' does not exist.
Parameter 'facing' does not exist.
Parameter 'facing' does not exist.
Parameter 'facing' does not exist.
Parameter 'facing' does not exist.
Parameter 'facing' does not exist.
Parameter 'facing' does not exist.
Parameter 'facing' does not exist.
Parameter 'facing' does not exist.
Parameter 'facing' does not exist.
Parameter 'facing' does not exist.
Parameter 'facing' does not exist.
Parameter 'facing' does not exist.
Parameter 'facing' does not exist.
Parameter 'facing' does not exist.
Parameter 'facing' does not exist.
Parameter 'facing' does not exist.
Parameter 'facing' does not exist.
Parameter 'facing' does not exist.
Parameter 'facing' does not exist.
Parameter 'facing' does not exist.
Parameter 'facing' does not exist.
Parameter 'facing' does not exist.
Parameter 'facing' does not exist.
Parameter 'facing' does not exist.
Parameter 'facing' does not exist.
Parameter 'facing' does not exist.
[TEST] Setup complete - StartScreen loaded
[TEST] Starting BlinkingComponent_AnimatesCorrectly test
]]></output>
            </test-case>
            <test-case id="1003" name="PressStart_TransitionsToGarden" fullname="Tests.PlayMode.SceneAndMovementTests.PressStart_TransitionsToGarden" methodname="PressStart_TransitionsToGarden" classname="Tests.PlayMode.SceneAndMovementTests" runstate="Runnable" seed="664687996" result="Failed" start-time="2025-08-09 17:31:12Z" end-time="2025-08-09 17:31:12Z" duration="0.194516" asserts="0">
              <properties>
                <property name="_JOINTYPE" value="UnityCombinatorial" />
                <property name="retryIteration" value="0" />
                <property name="repeatIteration" value="0" />
              </properties>
              <failure>
                <message><![CDATA[  PressStartScript not found
  Expected: not null
  But was:  null
]]></message>
                <stack-trace><![CDATA[at Tests.PlayMode.SceneAndMovementTests+<PressStart_TransitionsToGarden>d__4.MoveNext () [0x00031] in /Users/nposton/tcg_remake_practice/Assets/Tests/PlayMode/SceneAndMovementTests.cs:59
at UnityEngine.TestTools.TestEnumerator+<Execute>d__7.MoveNext () [0x0003a] in ./Library/PackageCache/com.unity.test-framework@7056e7f856e9/UnityEngine.TestRunner/NUnitExtensions/Attributes/TestEnumerator.cs:44
]]></stack-trace>
              </failure>
              <output><![CDATA[[TEST] Setting up test - Loading StartScreen
[TEST] Setup complete - StartScreen loaded
[TEST] Starting PressStart_TransitionsToGarden test
]]></output>
            </test-case>
            <test-case id="1002" name="StartScreen_LoadsCorrectly" fullname="Tests.PlayMode.SceneAndMovementTests.StartScreen_LoadsCorrectly" methodname="StartScreen_LoadsCorrectly" classname="Tests.PlayMode.SceneAndMovementTests" runstate="Runnable" seed="1512332867" result="Failed" start-time="2025-08-09 17:31:12Z" end-time="2025-08-09 17:31:12Z" duration="0.197035" asserts="0">
              <properties>
                <property name="_JOINTYPE" value="UnityCombinatorial" />
                <property name="retryIteration" value="0" />
                <property name="repeatIteration" value="0" />
              </properties>
              <failure>
                <message><![CDATA[  PressStartScript should be present in StartScreen
  Expected: not null
  But was:  null
]]></message>
                <stack-trace><![CDATA[at Tests.PlayMode.SceneAndMovementTests+<StartScreen_LoadsCorrectly>d__3.MoveNext () [0x00056] in /Users/nposton/tcg_remake_practice/Assets/Tests/PlayMode/SceneAndMovementTests.cs:44
at UnityEngine.TestTools.TestEnumerator+<Execute>d__7.MoveNext () [0x0003a] in ./Library/PackageCache/com.unity.test-framework@7056e7f856e9/UnityEngine.TestRunner/NUnitExtensions/Attributes/TestEnumerator.cs:44
]]></stack-trace>
              </failure>
              <output><![CDATA[[TEST] Setting up test - Loading StartScreen
[TEST] Setup complete - StartScreen loaded
[TEST] Starting StartScreen_LoadsCorrectly test
Saving results to: /Users/nposton/Library/Application Support/DefaultCompany/tcg_remake_practice/TestResults.xml
]]></output>
            </test-case>
          </test-suite>
        </test-suite>
      </test-suite>
    </test-suite>
  </test-suite>
</test-run>