<?xml version="1.0" encoding="utf-8"?>
<test-run id="2" testcasecount="0" result="Passed" total="0" passed="0" failed="0" inconclusive="0" skipped="0" asserts="0" engine-version="3.5.0.0" clr-version="4.0.30319.42000" start-time="2025-08-09 03:03:42Z" end-time="2025-08-09 03:03:42Z" duration="0.0023687">
  <test-suite type="TestSuite" id="1000" name="tcg_remake_practice" fullname="tcg_remake_practice" runstate="Runnable" testcasecount="0" result="Passed" start-time="2025-08-09 03:03:42Z" end-time="2025-08-09 03:03:42Z" duration="0.002369" total="0" passed="0" failed="0" inconclusive="0" skipped="0" asserts="0">
    <properties>
      <property name="platform" value="EditMode" />
    </properties>
  </test-suite>
</test-run>